<?xml version="1.0" encoding="UTF-8"?>
<!-- Generated by org.testng.reporters.JUnitXMLReporter -->
<testsuite ignored="17" hostname="OB-Sum" failures="1" tests="1" name="Bank upload csv(failed)" time="46.228" errors="0" timestamp="2022-02-21T09:58:26 IST">
  <testcase classname="tests.Bank_Upload_CSV.uploadcsv" name="GoToUrlClickbankmenu1ClickUploadCSV2PositiveSelectSelectBank4EnterChooseUploadCSV4ClickUpload52" time="43.867">
    <failure type="org.openqa.selenium.NoSuchElementException" message="Cannot locate element with text: bank_3
For documentation on this error, please visit: https://www.seleniumhq.org/exceptions/no_such_element.html
Build info: version: &amp;apos;3.141.59&amp;apos;, revision: &amp;apos;e82be7d358&amp;apos;, time: &amp;apos;2018-11-14T08:25:48&amp;apos;
System info: host: &amp;apos;OB-SUM&amp;apos;, ip: &amp;apos;192.168.1.14&amp;apos;, os.name: &amp;apos;Windows 10&amp;apos;, os.arch: &amp;apos;amd64&amp;apos;, os.version: &amp;apos;10.0&amp;apos;, java.version: &amp;apos;15.0.1&amp;apos;
Driver info: driver.version: unknown">
      <![CDATA[org.openqa.selenium.NoSuchElementException: Cannot locate element with text: bank_3
For documentation on this error, please visit: https://www.seleniumhq.org/exceptions/no_such_element.html
Build info: version: '3.141.59', revision: 'e82be7d358', time: '2018-11-14T08:25:48'
System info: host: 'OB-SUM', ip: '192.168.1.14', os.name: 'Windows 10', os.arch: 'amd64', os.version: '10.0', java.version: '15.0.1'
Driver info: driver.version: unknown
at org.openqa.selenium.support.ui.Select.selectByVisibleText(Select.java:147)
at pages.Bank_UploadCSV.UploadCSV.Select_Select_Bank4(UploadCSV.java:171)
at tests.Bank_Upload_CSV.uploadcsv.GoToUrlClickbankmenu1ClickUploadCSV2PositiveSelectSelectBank4EnterChooseUploadCSV4ClickUpload52(uploadcsv.java:2088)
at java.base/jdk.internal.reflect.NativeMethodAccessorImpl.invoke0(Native Method)
at java.base/jdk.internal.reflect.NativeMethodAccessorImpl.invoke(NativeMethodAccessorImpl.java:64)
at java.base/jdk.internal.reflect.DelegatingMethodAccessorImpl.invoke(DelegatingMethodAccessorImpl.java:43)
at java.base/java.lang.reflect.Method.invoke(Method.java:564)
at org.testng.internal.MethodInvocationHelper.invokeMethod(MethodInvocationHelper.java:133)
at org.testng.internal.TestInvoker.invokeMethod(TestInvoker.java:598)
at org.testng.internal.TestInvoker.invokeTestMethod(TestInvoker.java:173)
at org.testng.internal.MethodRunner.runInSequence(MethodRunner.java:46)
at org.testng.internal.TestInvoker$MethodInvocationAgent.invoke(TestInvoker.java:824)
at org.testng.internal.TestInvoker.invokeTestMethods(TestInvoker.java:146)
at org.testng.internal.TestMethodWorker.invokeTestMethods(TestMethodWorker.java:146)
at org.testng.internal.TestMethodWorker.run(TestMethodWorker.java:128)
at java.base/java.util.ArrayList.forEach(ArrayList.java:1511)
at org.testng.TestRunner.privateRun(TestRunner.java:794)
at org.testng.TestRunner.run(TestRunner.java:596)
at org.testng.SuiteRunner.runTest(SuiteRunner.java:377)
at org.testng.SuiteRunner.runSequentially(SuiteRunner.java:371)
at org.testng.SuiteRunner.privateRun(SuiteRunner.java:332)
at org.testng.SuiteRunner.run(SuiteRunner.java:276)
at org.testng.SuiteRunnerWorker.runSuite(SuiteRunnerWorker.java:53)
at org.testng.SuiteRunnerWorker.run(SuiteRunnerWorker.java:96)
at org.testng.TestNG.runSuitesSequentially(TestNG.java:1212)
at org.testng.TestNG.runSuitesLocally(TestNG.java:1134)
at org.testng.TestNG.runSuites(TestNG.java:1063)
at org.testng.TestNG.run(TestNG.java:1031)
at org.testng.remote.AbstractRemoteTestNG.run(AbstractRemoteTestNG.java:115)
at org.testng.remote.RemoteTestNG.initAndRun(RemoteTestNG.java:251)
at org.testng.remote.RemoteTestNG.main(RemoteTestNG.java:77)
]]>
    </failure>
  </testcase> <!-- GoToUrlClickbankmenu1ClickUploadCSV2PositiveSelectSelectBank4EnterChooseUploadCSV4ClickUpload52 -->
  <testcase classname="tests.Bank_Upload_CSV.uploadcsv" name="GoToUrlClickbankmenu1ClickUploadCSV2PositiveSelectSelectBank4EnterChooseUploadCSV4ClickUpload48" time="0.0">
    <ignored/>
  </testcase> <!-- GoToUrlClickbankmenu1ClickUploadCSV2PositiveSelectSelectBank4EnterChooseUploadCSV4ClickUpload48 -->
  <testcase classname="tests.Bank_Upload_CSV.uploadcsv" name="GoToUrlClickbankmenu1ClickUploadCSV2PositiveSelectSelectBank4EnterChooseUploadCSV4ClickUpload47" time="0.0">
    <ignored/>
  </testcase> <!-- GoToUrlClickbankmenu1ClickUploadCSV2PositiveSelectSelectBank4EnterChooseUploadCSV4ClickUpload47 -->
  <testcase classname="tests.Bank_Upload_CSV.uploadcsv" name="GoToUrlClickbankmenu1ClickUploadCSV2PositiveSelectSelectBank4EnterChooseUploadCSV4ClickUpload49" time="0.0">
    <ignored/>
  </testcase> <!-- GoToUrlClickbankmenu1ClickUploadCSV2PositiveSelectSelectBank4EnterChooseUploadCSV4ClickUpload49 -->
  <testcase classname="tests.Bank_Upload_CSV.uploadcsv" name="GoToUrlClickbankmenu1ClickUploadCSV2PositiveSelectSelectBank4EnterChooseUploadCSV4ClickUpload46" time="0.0">
    <ignored/>
  </testcase> <!-- GoToUrlClickbankmenu1ClickUploadCSV2PositiveSelectSelectBank4EnterChooseUploadCSV4ClickUpload46 -->
  <testcase classname="tests.Bank_Upload_CSV.uploadcsv" name="GoToUrlClickbankmenu1ClickUploadCSV2PositiveSelectSelectBank4EnterChooseUploadCSV4ClickUpload51" time="0.0">
    <ignored/>
  </testcase> <!-- GoToUrlClickbankmenu1ClickUploadCSV2PositiveSelectSelectBank4EnterChooseUploadCSV4ClickUpload51 -->
  <testcase classname="tests.Bank_Upload_CSV.uploadcsv" name="GoToUrlClickbankmenu1ClickUploadCSV2PositiveSelectSelectBank4EnterChooseUploadCSV4ClickUpload50" time="0.0">
    <ignored/>
  </testcase> <!-- GoToUrlClickbankmenu1ClickUploadCSV2PositiveSelectSelectBank4EnterChooseUploadCSV4ClickUpload50 -->
  <testcase classname="tests.Bank_Upload_CSV.uploadcsv" name="GoToUrlClickbankmenu1ClickUploadCSV2PositiveSelectSelectBank4EnterChooseUploadCSV4ClickUploadb6" time="0.0">
    <ignored/>
  </testcase> <!-- GoToUrlClickbankmenu1ClickUploadCSV2PositiveSelectSelectBank4EnterChooseUploadCSV4ClickUploadb6 -->
  <testcase classname="tests.Bank_Upload_CSV.uploadcsv" name="GoToUrlClickbankmenu1ClickUploadCSV2PositiveSelectSelectBank4EnterChooseUploadCSV4ClickUploadb3" time="0.0">
    <ignored/>
  </testcase> <!-- GoToUrlClickbankmenu1ClickUploadCSV2PositiveSelectSelectBank4EnterChooseUploadCSV4ClickUploadb3 -->
  <testcase classname="tests.Bank_Upload_CSV.uploadcsv" name="GoToUrlClickbankmenu1ClickUploadCSV2PositiveSelectSelectBank4EnterChooseUploadCSV4ClickUpload53" time="0.0">
    <ignored/>
  </testcase> <!-- GoToUrlClickbankmenu1ClickUploadCSV2PositiveSelectSelectBank4EnterChooseUploadCSV4ClickUpload53 -->
  <testcase classname="tests.Bank_Upload_CSV.uploadcsv" name="GoToUrlClickbankmenu1ClickUploadCSV2PositiveSelectSelectBank4EnterChooseUploadCSV4ClickUpload" time="0.0">
    <ignored/>
  </testcase> <!-- GoToUrlClickbankmenu1ClickUploadCSV2PositiveSelectSelectBank4EnterChooseUploadCSV4ClickUpload -->
  <testcase classname="tests.Bank_Upload_CSV.uploadcsv" name="GoToUrlClickbankmenu1ClickUploadCSV2PositiveSelectSelectBank4EnterChooseUploadCSV4ClickUploadb5" time="0.0">
    <ignored/>
  </testcase> <!-- GoToUrlClickbankmenu1ClickUploadCSV2PositiveSelectSelectBank4EnterChooseUploadCSV4ClickUploadb5 -->
  <testcase classname="tests.Bank_Upload_CSV.uploadcsv" name="GoToUrlClickbankmenu1ClickUploadCSV2PositiveSelectSelectBank4EnterChooseUploadCSV4ClickUploadb7" time="0.0">
    <ignored/>
  </testcase> <!-- GoToUrlClickbankmenu1ClickUploadCSV2PositiveSelectSelectBank4EnterChooseUploadCSV4ClickUploadb7 -->
  <testcase classname="tests.Bank_Upload_CSV.uploadcsv" name="GoToUrlClickbankmenu1ClickUploadCSV2PositiveSelectSelectBank4EnterChooseUploadCSV4ClickUploadb4" time="0.0">
    <ignored/>
  </testcase> <!-- GoToUrlClickbankmenu1ClickUploadCSV2PositiveSelectSelectBank4EnterChooseUploadCSV4ClickUploadb4 -->
  <testcase classname="tests.Bank_Upload_CSV.uploadcsv" name="GoToUrlClickbankmenu1ClickUploadCSV2PositiveSelectSelectBank4EnterChooseUploadCSV4ClickUploadb8" time="0.0">
    <ignored/>
  </testcase> <!-- GoToUrlClickbankmenu1ClickUploadCSV2PositiveSelectSelectBank4EnterChooseUploadCSV4ClickUploadb8 -->
  <testcase classname="tests.Bank_Upload_CSV.uploadcsv" name="GoToUrlClickbankmenu1ClickUploadCSV2PositiveSelectSelectBank4EnterChooseUploadCSV4ClickUploadb" time="0.0">
    <ignored/>
  </testcase> <!-- GoToUrlClickbankmenu1ClickUploadCSV2PositiveSelectSelectBank4EnterChooseUploadCSV4ClickUploadb -->
  <testcase classname="tests.Bank_Upload_CSV.uploadcsv" name="GoToUrlClickbankmenu1ClickUploadCSV2PositiveSelectSelectBank4EnterChooseUploadCSV4ClickUploadb2" time="0.0">
    <ignored/>
  </testcase> <!-- GoToUrlClickbankmenu1ClickUploadCSV2PositiveSelectSelectBank4EnterChooseUploadCSV4ClickUploadb2 -->
  <testcase classname="tests.Bank_Upload_CSV.uploadcsv" name="GoToUrlClickbankmenu1ClickUploadCSV2PositiveSelectSelectBank4EnterChooseUploadCSV4ClickUploadb1" time="0.0">
    <ignored/>
  </testcase> <!-- GoToUrlClickbankmenu1ClickUploadCSV2PositiveSelectSelectBank4EnterChooseUploadCSV4ClickUploadb1 -->
</testsuite> <!-- Bank upload csv(failed) -->
