<?xml version="1.0" encoding="UTF-8"?>
<!-- Generated by org.testng.reporters.JUnitXMLReporter -->
<testsuite ignored="3" hostname="OB-Sum" failures="1" tests="19" name="Bank upload csv" time="886.034" errors="0" timestamp="2022-02-18T23:29:19 IST">
  <testcase classname="tests.Bank_Upload_CSV.DownloadCSV_Template" name="GoToUrlClickbankmenu1ClickUploadCSV2ClickDownloadCSV3" time="34.238"/>
  <testcase classname="tests.Bank_Upload_CSV.uploadcsv" name="GoToUrlClickbankmenu1ClickUploadCSV2PositiveSelectSelectBank4EnterChooseUploadCSV4ClickUpload" time="39.147"/>
  <testcase classname="tests.Bank_Upload_CSV.uploadcsv" name="GoToUrlClickbankmenu1ClickUploadCSV2PositiveSelectSelectBank4EnterChooseUploadCSV4ClickUpload46" time="46.848"/>
  <testcase classname="tests.Bank_Upload_CSV.uploadcsv" name="GoToUrlClickbankmenu1ClickUploadCSV2PositiveSelectSelectBank4EnterChooseUploadCSV4ClickUpload47" time="41.011"/>
  <testcase classname="tests.Bank_Upload_CSV.uploadcsv" name="GoToUrlClickbankmenu1ClickUploadCSV2PositiveSelectSelectBank4EnterChooseUploadCSV4ClickUpload48" time="45.662"/>
  <testcase classname="tests.Bank_Upload_CSV.uploadcsv" name="GoToUrlClickbankmenu1ClickUploadCSV2PositiveSelectSelectBank4EnterChooseUploadCSV4ClickUpload49" time="47.761"/>
  <testcase classname="tests.Bank_Upload_CSV.uploadcsv" name="GoToUrlClickbankmenu1ClickUploadCSV2PositiveSelectSelectBank4EnterChooseUploadCSV4ClickUpload50" time="40.824"/>
  <testcase classname="tests.Bank_Upload_CSV.uploadcsv" name="GoToUrlClickbankmenu1ClickUploadCSV2PositiveSelectSelectBank4EnterChooseUploadCSV4ClickUpload51" time="44.61"/>
  <testcase classname="tests.Bank_Upload_CSV.uploadcsv" name="GoToUrlClickbankmenu1ClickUploadCSV2PositiveSelectSelectBank4EnterChooseUploadCSV4ClickUpload52" time="41.822">
    <failure type="org.openqa.selenium.NoSuchElementException" message="Cannot locate element with text: bank_3
For documentation on this error, please visit: https://www.seleniumhq.org/exceptions/no_such_element.html
Build info: version: &amp;apos;3.141.59&amp;apos;, revision: &amp;apos;e82be7d358&amp;apos;, time: &amp;apos;2018-11-14T08:25:48&amp;apos;
System info: host: &amp;apos;OB-SUM&amp;apos;, ip: &amp;apos;192.168.1.14&amp;apos;, os.name: &amp;apos;Windows 10&amp;apos;, os.arch: &amp;apos;amd64&amp;apos;, os.version: &amp;apos;10.0&amp;apos;, java.version: &amp;apos;15.0.1&amp;apos;
Driver info: driver.version: unknown">
      <![CDATA[org.openqa.selenium.NoSuchElementException: Cannot locate element with text: bank_3
For documentation on this error, please visit: https://www.seleniumhq.org/exceptions/no_such_element.html
Build info: version: '3.141.59', revision: 'e82be7d358', time: '2018-11-14T08:25:48'
System info: host: 'OB-SUM', ip: '192.168.1.14', os.name: 'Windows 10', os.arch: 'amd64', os.version: '10.0', java.version: '15.0.1'
Driver info: driver.version: unknown
at org.openqa.selenium.support.ui.Select.selectByVisibleText(Select.java:147)
at pages.Bank_UploadCSV.UploadCSV.Select_Select_Bank4(UploadCSV.java:171)
at tests.Bank_Upload_CSV.uploadcsv.GoToUrlClickbankmenu1ClickUploadCSV2PositiveSelectSelectBank4EnterChooseUploadCSV4ClickUpload52(uploadcsv.java:2088)
at java.base/jdk.internal.reflect.NativeMethodAccessorImpl.invoke0(Native Method)
at java.base/jdk.internal.reflect.NativeMethodAccessorImpl.invoke(NativeMethodAccessorImpl.java:64)
at java.base/jdk.internal.reflect.DelegatingMethodAccessorImpl.invoke(DelegatingMethodAccessorImpl.java:43)
at java.base/java.lang.reflect.Method.invoke(Method.java:564)
at org.testng.internal.MethodInvocationHelper.invokeMethod(MethodInvocationHelper.java:133)
at org.testng.internal.TestInvoker.invokeMethod(TestInvoker.java:598)
at org.testng.internal.TestInvoker.invokeTestMethod(TestInvoker.java:173)
at org.testng.internal.MethodRunner.runInSequence(MethodRunner.java:46)
at org.testng.internal.TestInvoker$MethodInvocationAgent.invoke(TestInvoker.java:824)
at org.testng.internal.TestInvoker.invokeTestMethods(TestInvoker.java:146)
at org.testng.internal.TestMethodWorker.invokeTestMethods(TestMethodWorker.java:146)
at org.testng.internal.TestMethodWorker.run(TestMethodWorker.java:128)
at java.base/java.util.ArrayList.forEach(ArrayList.java:1511)
at org.testng.TestRunner.privateRun(TestRunner.java:794)
at org.testng.TestRunner.run(TestRunner.java:596)
at org.testng.SuiteRunner.runTest(SuiteRunner.java:377)
at org.testng.SuiteRunner.runSequentially(SuiteRunner.java:371)
at org.testng.SuiteRunner.privateRun(SuiteRunner.java:332)
at org.testng.SuiteRunner.run(SuiteRunner.java:276)
at org.testng.SuiteRunnerWorker.runSuite(SuiteRunnerWorker.java:53)
at org.testng.SuiteRunnerWorker.run(SuiteRunnerWorker.java:96)
at org.testng.TestNG.runSuitesSequentially(TestNG.java:1212)
at org.testng.TestNG.runSuitesLocally(TestNG.java:1134)
at org.testng.TestNG.runSuites(TestNG.java:1063)
at org.testng.TestNG.run(TestNG.java:1031)
at org.testng.remote.AbstractRemoteTestNG.run(AbstractRemoteTestNG.java:115)
at org.testng.remote.RemoteTestNG.initAndRun(RemoteTestNG.java:251)
at org.testng.remote.RemoteTestNG.main(RemoteTestNG.java:77)
]]>
    </failure>
  </testcase> <!-- GoToUrlClickbankmenu1ClickUploadCSV2PositiveSelectSelectBank4EnterChooseUploadCSV4ClickUpload52 -->
  <testcase classname="tests.Bank_Upload_CSV.uploadcsv" name="GoToUrlClickbankmenu1ClickUploadCSV2PositiveSelectSelectBank4EnterChooseUploadCSV4ClickUpload53" time="43.195"/>
  <testcase classname="tests.Bank_Upload_CSV.uploadcsv" name="GoToUrlClickbankmenu1ClickUploadCSV2PositiveSelectSelectBank4EnterChooseUploadCSV4ClickUploadb" time="44.13"/>
  <testcase classname="tests.Bank_Upload_CSV.uploadcsv" name="GoToUrlClickbankmenu1ClickUploadCSV2PositiveSelectSelectBank4EnterChooseUploadCSV4ClickUploadb1" time="40.603"/>
  <testcase classname="tests.Bank_Upload_CSV.uploadcsv" name="GoToUrlClickbankmenu1ClickUploadCSV2PositiveSelectSelectBank4EnterChooseUploadCSV4ClickUploadb2" time="58.112"/>
  <testcase classname="tests.Bank_Upload_CSV.uploadcsv" name="GoToUrlClickbankmenu1ClickUploadCSV2PositiveSelectSelectBank4EnterChooseUploadCSV4ClickUploadb3" time="60.55"/>
  <testcase classname="tests.Bank_Upload_CSV.uploadcsv" name="GoToUrlClickbankmenu1ClickUploadCSV2PositiveSelectSelectBank4EnterChooseUploadCSV4ClickUploadb4" time="62.032"/>
  <testcase classname="tests.Bank_Upload_CSV.uploadcsv" name="GoToUrlClickbankmenu1ClickUploadCSV2PositiveSelectSelectBank4EnterChooseUploadCSV4ClickUploadb5" time="38.317"/>
  <testcase classname="tests.Bank_Upload_CSV.uploadcsv" name="GoToUrlClickbankmenu1ClickUploadCSV2PositiveSelectSelectBank4EnterChooseUploadCSV4ClickUploadb6" time="39.759"/>
  <testcase classname="tests.Bank_Upload_CSV.uploadcsv" name="GoToUrlClickbankmenu1ClickUploadCSV2PositiveSelectSelectBank4EnterChooseUploadCSV4ClickUploadb7" time="40.789"/>
  <testcase classname="tests.Bank_Upload_CSV.uploadcsv" name="GoToUrlClickbankmenu1ClickUploadCSV2PositiveSelectSelectBank4EnterChooseUploadCSV4ClickUploadb8" time="40.933"/>
  <testcase classname="tests.TestBase" name="@AfterSuite closeReporter" time="0.0">
    <ignored/>
  </testcase> <!-- @AfterSuite closeReporter -->
  <testcase classname="tests.TestBase" name="@BeforeSuite allocateData" time="0.0">
    <ignored/>
  </testcase> <!-- @BeforeSuite allocateData -->
  <testcase classname="tests.TestBase" name="@BeforeSuite setupReporter" time="0.0">
    <ignored/>
  </testcase> <!-- @BeforeSuite setupReporter -->
</testsuite> <!-- Bank upload csv -->
