<html>
<head>
<title>TestNG:  Bank upload csv</title>
<link href="../testng.css" rel="stylesheet" type="text/css" />
<link href="../my-testng.css" rel="stylesheet" type="text/css" />

<style type="text/css">
.log { display: none;} 
.stack-trace { display: none;} 
</style>
<script type="text/javascript">
<!--
function flip(e) {
  current = e.style.display;
  if (current == 'block') {
    e.style.display = 'none';
    return 0;
  }
  else {
    e.style.display = 'block';
    return 1;
  }
}

function toggleBox(szDivId, elem, msg1, msg2)
{
  var res = -1;  if (document.getElementById) {
    res = flip(document.getElementById(szDivId));
  }
  else if (document.all) {
    // this is the way old msie versions work
    res = flip(document.all[szDivId]);
  }
  if(elem) {
    if(res == 0) elem.innerHTML = msg1; else elem.innerHTML = msg2;
  }

}

function toggleAllBoxes() {
  if (document.getElementsByTagName) {
    d = document.getElementsByTagName('div');
    for (i = 0; i < d.length; i++) {
      if (d[i].className == 'log') {
        flip(d[i]);
      }
    }
  }
}

// -->
</script>

</head>
<body>
<h2 align='center'>Bank upload csv</h2><table border='1' align="center">
<tr>
<td>Tests passed/Failed/Skipped:</td><td>18/1/0</td>
</tr><tr>
<td>Started on:</td><td>Fri Feb 18 23:14:33 IST 2022</td>
</tr>
<tr><td>Total time:</td><td>886 seconds (886034 ms)</td>
</tr><tr>
<td>Included groups:</td><td></td>
</tr><tr>
<td>Excluded groups:</td><td></td>
</tr>
</table><p/>
<small><i>(Hover the method name to see the test class name)</i></small><p/>
<table width='100%' border='1' class='invocation-failed'>
<tr><td colspan='4' align='center'><b>FAILED TESTS</b></td></tr>
<tr><td><b>Test method</b></td>
<td width="30%"><b>Exception</b></td>
<td width="10%"><b>Time (seconds)</b></td>
<td><b>Instance</b></td>
</tr>
<tr>
<td title='tests.Bank_Upload_CSV.uploadcsv.GoToUrlClickbankmenu1ClickUploadCSV2PositiveSelectSelectBank4EnterChooseUploadCSV4ClickUpload52()'><b>GoToUrlClickbankmenu1ClickUploadCSV2PositiveSelectSelectBank4EnterChooseUploadCSV4ClickUpload52</b><br>Test class: tests.Bank_Upload_CSV.uploadcsv</td>
<td><div><pre>org.openqa.selenium.NoSuchElementException: Cannot locate element with text: bank_3
For documentation on this error, please visit: https://www.seleniumhq.org/exceptions/no_such_element.html
Build info: version: &apos;3.141.59&apos;, revision: &apos;e82be7d358&apos;, time: &apos;2018-11-14T08:25:48&apos;
System info: host: &apos;OB-SUM&apos;, ip: &apos;192.168.1.14&apos;, os.name: &apos;Windows 10&apos;, os.arch: &apos;amd64&apos;, os.version: &apos;10.0&apos;, java.version: &apos;15.0.1&apos;
Driver info: driver.version: unknown
	at org.openqa.selenium.support.ui.Select.selectByVisibleText(Select.java:147)
	at pages.Bank_UploadCSV.UploadCSV.Select_Select_Bank4(UploadCSV.java:171)
	at tests.Bank_Upload_CSV.uploadcsv.GoToUrlClickbankmenu1ClickUploadCSV2PositiveSelectSelectBank4EnterChooseUploadCSV4ClickUpload52(uploadcsv.java:2088)
	at java.base/jdk.internal.reflect.NativeMethodAccessorImpl.invoke0(Native Method)
	at java.base/jdk.internal.reflect.NativeMethodAccessorImpl.invoke(NativeMethodAccessorImpl.java:64)
	at java.base/jdk.internal.reflect.DelegatingMethodAccessorImpl.invoke(DelegatingMethodAccessorImpl.java:43)
	at java.base/java.lang.reflect.Method.invoke(Method.java:564)
	at org.testng.internal.MethodInvocationHelper.invokeMethod(MethodInvocationHelper.java:133)
	at org.testng.internal.TestInvoker.invokeMethod(TestInvoker.java:598)
	at org.testng.internal.TestInvoker.invokeTestMethod(TestInvoker.java:173)
	at org.testng.internal.MethodRunner.runInSequence(MethodRunner.java:46)
	at org.testng.internal.TestInvoker$MethodInvocationAgent.invoke(TestInvoker.java:824)
	at org.testng.internal.TestInvoker.invokeTestMethods(TestInvoker.java:146)
	at org.testng.internal.TestMethodWorker.invokeTestMethods(TestMethodWorker.java:146)
	at org.testng.internal.TestMethodWorker.run(TestMethodWorker.java:128)
	at java.base/java.util.ArrayList.forEach(ArrayList.java:1511)
	at org.testng.TestRunner.privateRun(TestRunner.java:794)
	at org.testng.TestRunner.run(TestRunner.java:596)
	at org.testng.SuiteRunner.runTest(SuiteRunner.java:377)
	at org.testng.SuiteRunner.runSequentially(SuiteRunner.java:371)
	at org.testng.SuiteRunner.privateRun(SuiteRunner.java:332)
	at org.testng.SuiteRunner.run(SuiteRunner.java:276)
	at org.testng.SuiteRunnerWorker.runSuite(SuiteRunnerWorker.java:53)
	at org.testng.SuiteRunnerWorker.run(SuiteRunnerWorker.java:96)
	at org.testng.TestNG.runSuitesSequentially(TestNG.java:1212)
	at org.testng.TestNG.runSuitesLocally(TestNG.java:1134)
	at org.testng.TestNG.runSuites(TestNG.java:1063)
	at org.testng.TestNG.run(TestNG.java:1031)
	at org.testng.remote.AbstractRemoteTestNG.run(AbstractRemoteTestNG.java:115)
	at org.testng.remote.RemoteTestNG.initAndRun(RemoteTestNG.java:251)
	at org.testng.remote.RemoteTestNG.main(RemoteTestNG.java:77)
</pre></div><a href='#' onClick='toggleBox("stack-trace962867959", this, "Click to show all stack frames", "Click to hide stack frames")'>Click to show all stack frames</a>
<div class='stack-trace' id='stack-trace962867959'><pre>org.openqa.selenium.NoSuchElementException: Cannot locate element with text: bank_3
For documentation on this error, please visit: https://www.seleniumhq.org/exceptions/no_such_element.html
Build info: version: &apos;3.141.59&apos;, revision: &apos;e82be7d358&apos;, time: &apos;2018-11-14T08:25:48&apos;
System info: host: &apos;OB-SUM&apos;, ip: &apos;192.168.1.14&apos;, os.name: &apos;Windows 10&apos;, os.arch: &apos;amd64&apos;, os.version: &apos;10.0&apos;, java.version: &apos;15.0.1&apos;
Driver info: driver.version: unknown
	at org.openqa.selenium.support.ui.Select.selectByVisibleText(Select.java:147)
	at pages.Bank_UploadCSV.UploadCSV.Select_Select_Bank4(UploadCSV.java:171)
	at tests.Bank_Upload_CSV.uploadcsv.GoToUrlClickbankmenu1ClickUploadCSV2PositiveSelectSelectBank4EnterChooseUploadCSV4ClickUpload52(uploadcsv.java:2088)
	at java.base/jdk.internal.reflect.NativeMethodAccessorImpl.invoke0(Native Method)
	at java.base/jdk.internal.reflect.NativeMethodAccessorImpl.invoke(NativeMethodAccessorImpl.java:64)
	at java.base/jdk.internal.reflect.DelegatingMethodAccessorImpl.invoke(DelegatingMethodAccessorImpl.java:43)
	at java.base/java.lang.reflect.Method.invoke(Method.java:564)
	at org.testng.internal.MethodInvocationHelper.invokeMethod(MethodInvocationHelper.java:133)
	at org.testng.internal.TestInvoker.invokeMethod(TestInvoker.java:598)
	at org.testng.internal.TestInvoker.invokeTestMethod(TestInvoker.java:173)
	at org.testng.internal.MethodRunner.runInSequence(MethodRunner.java:46)
	at org.testng.internal.TestInvoker$MethodInvocationAgent.invoke(TestInvoker.java:824)
	at org.testng.internal.TestInvoker.invokeTestMethods(TestInvoker.java:146)
	at org.testng.internal.TestMethodWorker.invokeTestMethods(TestMethodWorker.java:146)
	at org.testng.internal.TestMethodWorker.run(TestMethodWorker.java:128)
	at java.base/java.util.ArrayList.forEach(ArrayList.java:1511)
	at org.testng.TestRunner.privateRun(TestRunner.java:794)
	at org.testng.TestRunner.run(TestRunner.java:596)
	at org.testng.SuiteRunner.runTest(SuiteRunner.java:377)
	at org.testng.SuiteRunner.runSequentially(SuiteRunner.java:371)
	at org.testng.SuiteRunner.privateRun(SuiteRunner.java:332)
	at org.testng.SuiteRunner.run(SuiteRunner.java:276)
	at org.testng.SuiteRunnerWorker.runSuite(SuiteRunnerWorker.java:53)
	at org.testng.SuiteRunnerWorker.run(SuiteRunnerWorker.java:96)
	at org.testng.TestNG.runSuitesSequentially(TestNG.java:1212)
	at org.testng.TestNG.runSuitesLocally(TestNG.java:1134)
	at org.testng.TestNG.runSuites(TestNG.java:1063)
	at org.testng.TestNG.run(TestNG.java:1031)
	at org.testng.remote.AbstractRemoteTestNG.run(AbstractRemoteTestNG.java:115)
	at org.testng.remote.RemoteTestNG.initAndRun(RemoteTestNG.java:251)
	at org.testng.remote.RemoteTestNG.main(RemoteTestNG.java:77)
</pre></div></td>
<td>41</td>
<td>tests.Bank_Upload_CSV.uploadcsv@59d2103b</td></tr>
</table><p>
<table width='100%' border='1' class='invocation-passed'>
<tr><td colspan='4' align='center'><b>PASSED TESTS</b></td></tr>
<tr><td><b>Test method</b></td>
<td width="30%"><b>Exception</b></td>
<td width="10%"><b>Time (seconds)</b></td>
<td><b>Instance</b></td>
</tr>
<tr>
<td title='tests.Bank_Upload_CSV.uploadcsv.GoToUrlClickbankmenu1ClickUploadCSV2PositiveSelectSelectBank4EnterChooseUploadCSV4ClickUpload()'><b>GoToUrlClickbankmenu1ClickUploadCSV2PositiveSelectSelectBank4EnterChooseUploadCSV4ClickUpload</b><br>Test class: tests.Bank_Upload_CSV.uploadcsv</td>
<td></td>
<td>39</td>
<td>tests.Bank_Upload_CSV.uploadcsv@59d2103b</td></tr>
<tr>
<td title='tests.Bank_Upload_CSV.uploadcsv.GoToUrlClickbankmenu1ClickUploadCSV2PositiveSelectSelectBank4EnterChooseUploadCSV4ClickUploadb6()'><b>GoToUrlClickbankmenu1ClickUploadCSV2PositiveSelectSelectBank4EnterChooseUploadCSV4ClickUploadb6</b><br>Test class: tests.Bank_Upload_CSV.uploadcsv</td>
<td></td>
<td>39</td>
<td>tests.Bank_Upload_CSV.uploadcsv@59d2103b</td></tr>
<tr>
<td title='tests.Bank_Upload_CSV.uploadcsv.GoToUrlClickbankmenu1ClickUploadCSV2PositiveSelectSelectBank4EnterChooseUploadCSV4ClickUploadb()'><b>GoToUrlClickbankmenu1ClickUploadCSV2PositiveSelectSelectBank4EnterChooseUploadCSV4ClickUploadb</b><br>Test class: tests.Bank_Upload_CSV.uploadcsv</td>
<td></td>
<td>44</td>
<td>tests.Bank_Upload_CSV.uploadcsv@59d2103b</td></tr>
<tr>
<td title='tests.Bank_Upload_CSV.uploadcsv.GoToUrlClickbankmenu1ClickUploadCSV2PositiveSelectSelectBank4EnterChooseUploadCSV4ClickUpload53()'><b>GoToUrlClickbankmenu1ClickUploadCSV2PositiveSelectSelectBank4EnterChooseUploadCSV4ClickUpload53</b><br>Test class: tests.Bank_Upload_CSV.uploadcsv</td>
<td></td>
<td>43</td>
<td>tests.Bank_Upload_CSV.uploadcsv@59d2103b</td></tr>
<tr>
<td title='tests.Bank_Upload_CSV.uploadcsv.GoToUrlClickbankmenu1ClickUploadCSV2PositiveSelectSelectBank4EnterChooseUploadCSV4ClickUpload47()'><b>GoToUrlClickbankmenu1ClickUploadCSV2PositiveSelectSelectBank4EnterChooseUploadCSV4ClickUpload47</b><br>Test class: tests.Bank_Upload_CSV.uploadcsv</td>
<td></td>
<td>41</td>
<td>tests.Bank_Upload_CSV.uploadcsv@59d2103b</td></tr>
<tr>
<td title='tests.Bank_Upload_CSV.uploadcsv.GoToUrlClickbankmenu1ClickUploadCSV2PositiveSelectSelectBank4EnterChooseUploadCSV4ClickUploadb3()'><b>GoToUrlClickbankmenu1ClickUploadCSV2PositiveSelectSelectBank4EnterChooseUploadCSV4ClickUploadb3</b><br>Test class: tests.Bank_Upload_CSV.uploadcsv</td>
<td></td>
<td>60</td>
<td>tests.Bank_Upload_CSV.uploadcsv@59d2103b</td></tr>
<tr>
<td title='tests.Bank_Upload_CSV.uploadcsv.GoToUrlClickbankmenu1ClickUploadCSV2PositiveSelectSelectBank4EnterChooseUploadCSV4ClickUploadb7()'><b>GoToUrlClickbankmenu1ClickUploadCSV2PositiveSelectSelectBank4EnterChooseUploadCSV4ClickUploadb7</b><br>Test class: tests.Bank_Upload_CSV.uploadcsv</td>
<td></td>
<td>40</td>
<td>tests.Bank_Upload_CSV.uploadcsv@59d2103b</td></tr>
<tr>
<td title='tests.Bank_Upload_CSV.uploadcsv.GoToUrlClickbankmenu1ClickUploadCSV2PositiveSelectSelectBank4EnterChooseUploadCSV4ClickUpload46()'><b>GoToUrlClickbankmenu1ClickUploadCSV2PositiveSelectSelectBank4EnterChooseUploadCSV4ClickUpload46</b><br>Test class: tests.Bank_Upload_CSV.uploadcsv</td>
<td></td>
<td>46</td>
<td>tests.Bank_Upload_CSV.uploadcsv@59d2103b</td></tr>
<tr>
<td title='tests.Bank_Upload_CSV.uploadcsv.GoToUrlClickbankmenu1ClickUploadCSV2PositiveSelectSelectBank4EnterChooseUploadCSV4ClickUpload50()'><b>GoToUrlClickbankmenu1ClickUploadCSV2PositiveSelectSelectBank4EnterChooseUploadCSV4ClickUpload50</b><br>Test class: tests.Bank_Upload_CSV.uploadcsv</td>
<td></td>
<td>40</td>
<td>tests.Bank_Upload_CSV.uploadcsv@59d2103b</td></tr>
<tr>
<td title='tests.Bank_Upload_CSV.uploadcsv.GoToUrlClickbankmenu1ClickUploadCSV2PositiveSelectSelectBank4EnterChooseUploadCSV4ClickUploadb8()'><b>GoToUrlClickbankmenu1ClickUploadCSV2PositiveSelectSelectBank4EnterChooseUploadCSV4ClickUploadb8</b><br>Test class: tests.Bank_Upload_CSV.uploadcsv</td>
<td></td>
<td>40</td>
<td>tests.Bank_Upload_CSV.uploadcsv@59d2103b</td></tr>
<tr>
<td title='tests.Bank_Upload_CSV.uploadcsv.GoToUrlClickbankmenu1ClickUploadCSV2PositiveSelectSelectBank4EnterChooseUploadCSV4ClickUpload49()'><b>GoToUrlClickbankmenu1ClickUploadCSV2PositiveSelectSelectBank4EnterChooseUploadCSV4ClickUpload49</b><br>Test class: tests.Bank_Upload_CSV.uploadcsv</td>
<td></td>
<td>47</td>
<td>tests.Bank_Upload_CSV.uploadcsv@59d2103b</td></tr>
<tr>
<td title='tests.Bank_Upload_CSV.uploadcsv.GoToUrlClickbankmenu1ClickUploadCSV2PositiveSelectSelectBank4EnterChooseUploadCSV4ClickUploadb2()'><b>GoToUrlClickbankmenu1ClickUploadCSV2PositiveSelectSelectBank4EnterChooseUploadCSV4ClickUploadb2</b><br>Test class: tests.Bank_Upload_CSV.uploadcsv</td>
<td></td>
<td>58</td>
<td>tests.Bank_Upload_CSV.uploadcsv@59d2103b</td></tr>
<tr>
<td title='tests.Bank_Upload_CSV.uploadcsv.GoToUrlClickbankmenu1ClickUploadCSV2PositiveSelectSelectBank4EnterChooseUploadCSV4ClickUpload48()'><b>GoToUrlClickbankmenu1ClickUploadCSV2PositiveSelectSelectBank4EnterChooseUploadCSV4ClickUpload48</b><br>Test class: tests.Bank_Upload_CSV.uploadcsv</td>
<td></td>
<td>45</td>
<td>tests.Bank_Upload_CSV.uploadcsv@59d2103b</td></tr>
<tr>
<td title='tests.Bank_Upload_CSV.uploadcsv.GoToUrlClickbankmenu1ClickUploadCSV2PositiveSelectSelectBank4EnterChooseUploadCSV4ClickUpload51()'><b>GoToUrlClickbankmenu1ClickUploadCSV2PositiveSelectSelectBank4EnterChooseUploadCSV4ClickUpload51</b><br>Test class: tests.Bank_Upload_CSV.uploadcsv</td>
<td></td>
<td>44</td>
<td>tests.Bank_Upload_CSV.uploadcsv@59d2103b</td></tr>
<tr>
<td title='tests.Bank_Upload_CSV.uploadcsv.GoToUrlClickbankmenu1ClickUploadCSV2PositiveSelectSelectBank4EnterChooseUploadCSV4ClickUploadb5()'><b>GoToUrlClickbankmenu1ClickUploadCSV2PositiveSelectSelectBank4EnterChooseUploadCSV4ClickUploadb5</b><br>Test class: tests.Bank_Upload_CSV.uploadcsv</td>
<td></td>
<td>38</td>
<td>tests.Bank_Upload_CSV.uploadcsv@59d2103b</td></tr>
<tr>
<td title='tests.Bank_Upload_CSV.uploadcsv.GoToUrlClickbankmenu1ClickUploadCSV2PositiveSelectSelectBank4EnterChooseUploadCSV4ClickUploadb1()'><b>GoToUrlClickbankmenu1ClickUploadCSV2PositiveSelectSelectBank4EnterChooseUploadCSV4ClickUploadb1</b><br>Test class: tests.Bank_Upload_CSV.uploadcsv</td>
<td></td>
<td>40</td>
<td>tests.Bank_Upload_CSV.uploadcsv@59d2103b</td></tr>
<tr>
<td title='tests.Bank_Upload_CSV.uploadcsv.GoToUrlClickbankmenu1ClickUploadCSV2PositiveSelectSelectBank4EnterChooseUploadCSV4ClickUploadb4()'><b>GoToUrlClickbankmenu1ClickUploadCSV2PositiveSelectSelectBank4EnterChooseUploadCSV4ClickUploadb4</b><br>Test class: tests.Bank_Upload_CSV.uploadcsv</td>
<td></td>
<td>62</td>
<td>tests.Bank_Upload_CSV.uploadcsv@59d2103b</td></tr>
<tr>
<td title='tests.Bank_Upload_CSV.DownloadCSV_Template.GoToUrlClickbankmenu1ClickUploadCSV2ClickDownloadCSV3()'><b>GoToUrlClickbankmenu1ClickUploadCSV2ClickDownloadCSV3</b><br>Test class: tests.Bank_Upload_CSV.DownloadCSV_Template</td>
<td></td>
<td>34</td>
<td>tests.Bank_Upload_CSV.DownloadCSV_Template@346939bf</td></tr>
</table><p>
</body>
</html>