<?xml version="1.0" encoding="UTF-8"?>
<!-- Generated by org.testng.reporters.JUnitXMLReporter -->
<testsuite ignored="27" hostname="OB-Sum" failures="11" tests="41" name="Expence" time="1729.257" errors="0" timestamp="2022-02-18T23:04:01 IST">
  <testcase classname="test.ashiv.TestUseOfHome_TestCases" name="GoToUrlClickExpenditureClickViewClickUseofHomeasOfficePositiveSelectSelectPersonPositiveSelect" time="38.585"/>
  <testcase classname="test.ashiv.TestLadgerRecon_DefaultProfile" name="GoToUrlClickView2ClickLedgerReconciliation3PositiveSelectAccountType48PositiveSelectAccount59C" time="52.732"/>
  <testcase classname="test.ashiv.ScriptVATOnlyBillSToFRS_DefaultProfile" name="GoToUrlAssertUrlPositiveEnterUserNamePositiveEnterPasswordClickLoginButtonAgentClientBusinessExpenditure_NewVatOnly_SaveBtnSuccessMessageScreenWithBillNumRecallLastTrnschangeBillNum" time="52.621"/>
  <testcase classname="test.ashiv.ScriptVATOnlyBillSToFRS_DefaultProfile" name="GoToUrlAssertUrlPositiveEnterUserNamePositiveEnterPasswordClickLoginButtonAgentClientBusinessExpenditure_NewVatOnly_SaveBtnSuccessMessageScreenWithBillNumRecallLastTrnschangeBillNum_1" time="42.304"/>
  <testcase classname="test.ashiv.ScriptVATOnlyBillSToFRS_DefaultProfile" name="GoToUrlAssertUrlPositiveEnterUserNamePositiveEnterPasswordClickLoginButtonAgentClientBusinessExpenditure_NewVatOnly_SaveBtnSuccessMessageScreenWithBillNumRecallLastTrnschangeBillNum_2" time="39.322"/>
  <testcase classname="test.ashiv.ScriptDebitNoteSToFRS_DefaultProfile" name="GoToUrlAssertUrlPositiveEnterUserNamePositiveEnterPasswordClickLoginButtonGoToUrlAssertAgentClientBusinessExpenditure_NewDebitNote_SaveBtnSuccessMessageScreenWithInvoiceNumRecallLastTrnschangeBillNum" time="65.623"/>
  <testcase classname="test.ashiv.ScriptDebitNoteSToFRS_DefaultProfile" name="GoToUrlAssertUrlPositiveEnterUserNamePositiveEnterPasswordClickLoginButtonGoToUrlAssertAgentClientBusinessExpenditure_NewDebitNote_SaveBtnSuccessMessageScreenWithInvoiceNumRecallLastTrnschangeBillNum_1" time="43.112"/>
  <testcase classname="test.ashiv.ScriptDebitNoteSToFRS_DefaultProfile" name="GoToUrlAssertUrlPositiveEnterUserNamePositiveEnterPasswordClickLoginButtonGoToUrlAssertAgentClientBusinessExpenditure_NewDebitNote_SaveBtnSuccessMessageScreenWithInvoiceNumRecallLastTrnschangeBillNum_2" time="42.704"/>
  <testcase classname="test.ashiv.SubcontractorBill_DefaultProfile" name="GoToUrlAssertUrlPositiveEnterUserNamePositiveEnterPasswordClickLoginButtonGoToUrlAssertAgentClientBusinessExpenditure_NewSubcontrator_SaveBtnSuccessMessageScreenWithInvoiceNumRecallLastTrnschangeBillNum" time="62.143"/>
  <testcase classname="test.ashiv.SubcontractorBill_DefaultProfile" name="GoToUrlAssertUrlPositiveEnterUserNamePositiveEnterPasswordClickLoginButtonGoToUrlAssertAgentClientBusinessExpenditure_NewSubcontrator_SaveBtnSuccessMessageScreenWithInvoiceNumRecallLastTrnschangeBillNum_1" time="40.979"/>
  <testcase classname="test.ashiv.ScriptSupplierBillSToFRS_DefaultProfile" name="GoToUrlAssertUrlPositiveEnterSupplierBill" time="64.593"/>
  <testcase classname="test.ashiv.ScriptSupplierBillSToFRS_DefaultProfile" name="GoToUrlAssertUrlPositiveEnterSupplierBill_1" time="44.915"/>
  <testcase classname="test.ashiv.ScriptSupplierBillSToFRS_DefaultProfile" name="GoToUrlAssertUrlPositiveEnterSupplierBill_2" time="41.776"/>
  <testcase classname="test.ashiv.ScriptSupplierBillSToFRS_DefaultProfile" name="GoToUrlAssertUrlPositiveEnterSupplierBill_3" time="62.709"/>
  <testcase classname="test.ashiv.TestSupplierList_TestCases" name="GoToUrlAssertUrlClickExpenditure1ClickView2ClickSupplierList3PositiveSelectCategorySearch4Ent" time="39.123"/>
  <testcase classname="test.ashiv.TestSupplierList_TestCases" name="GoToUrlAssertUrlClickExpenditure1ClickView2ClickSupplierList3PositiveSelectCategorySearch4Ent_1" time="35.682"/>
  <testcase classname="test.ashiv.TestSupplierList_TestCases" name="GoToUrlAssertUrlClickExpenditure1ClickView2ClickSupplierList3PositiveSelectCategorySearch4Ent_2" time="39.401"/>
  <testcase classname="test.ashiv.TestSupplierList_TestCases" name="GoToUrlAssertUrlClickExpenditure1ClickView2ClickSupplierList3PositiveSelectCategorySearch4Ent_3" time="40.636"/>
  <testcase classname="test.ashiv.TestSupplierList_TestCases" name="GoToUrlAssertUrlClickExpenditure1ClickView2ClickSupplierList3PositiveSelectCategorySearch4Ent_4" time="48.971"/>
  <testcase classname="test.ashiv.TestSupplierList_TestCases" name="GoToUrlAssertUrlClickExpenditure1ClickView2ClickSupplierList3PositiveSelectCategorySearch4Ent_5" time="43.633"/>
  <testcase classname="test.ashiv.TestNewSupplierBillBatch_UserStories" name="GoToUrlAssertUrlClickExpenditure1ClickViewNew2ClickNewSupplierBillBatch3ClickSave4PositiveSel" time="60.624"/>
  <testcase classname="test.ashiv.TestEnpenseReimbursement_DefaultProfile" name="GoToUrlAssertUrlClickExpenditure1ClickView2ClickExpenseReimbursement3PositiveSelectSelectMonth" time="40.968"/>
  <testcase classname="test.ashiv.TestEnpenseReimbursement_DefaultProfile" name="GoToUrlAssertUrlClickExpenditure1ClickView2ClickExpenseReimbursement3PositiveSelectSelectMonth_1" time="41.002"/>
  <testcase classname="test.ashiv.TestEnpenseReimbursement_DefaultProfile" name="GoToUrlAssertUrlClickExpenditure1ClickView2ClickExpenseReimbursement3PositiveSelectSelectMonth_2" time="40.607"/>
  <testcase classname="test.ashiv.TestEnpenseReimbursement_DefaultProfile" name="GoToUrlAssertUrlClickExpenditure1ClickView2ClickExpenseReimbursement3PositiveSelectSelectMonth_3" time="41.968"/>
  <testcase classname="test.ashiv.TestEnpenseReimbursement_DefaultProfile" name="GoToUrlAssertUrlClickExpenditure1ClickView2ClickExpenseReimbursement3PositiveSelectSelectMonth_4" time="42.261"/>
  <testcase classname="test.ashiv.TestEnpenseReimbursement_DefaultProfile" name="GoToUrlAssertUrlClickExpenditure1ClickView2ClickExpenseReimbursement3PositiveSelectSelectMonth_5" time="34.197"/>
  <testcase classname="test.ashiv.TestEnpenseReimbursement_DefaultProfile" name="GoToUrlAssertUrlClickExpenditure1ClickView2ClickExpenseReimbursement3PositiveSelectSelectMonth_6" time="41.746"/>
  <testcase classname="test.ashiv.TestEnpenseReimbursement_DefaultProfile" name="GoToUrlAssertUrlClickExpenditure1ClickView2ClickExpenseReimbursement3PositiveSelectSelectMonth_7" time="41.43"/>
  <testcase classname="test.ashiv.TestEnpenseReimbursement_DefaultProfile" name="GoToUrlAssertUrlClickExpenditure1ClickView2ClickExpenseReimbursement3PositiveSelectSelectMonth_8" time="39.247">
    <failure type="org.openqa.selenium.ElementNotInteractableException" message="element not interactable
  (Session info: chrome=98.0.4758.82)
Build info: version: &amp;apos;3.141.59&amp;apos;, revision: &amp;apos;e82be7d358&amp;apos;, time: &amp;apos;2018-11-14T08:25:48&amp;apos;
System info: host: &amp;apos;OB-SUM&amp;apos;, ip: &amp;apos;192.168.1.14&amp;apos;, os.name: &amp;apos;Windows 10&amp;apos;, os.arch: &amp;apos;amd64&amp;apos;, os.version: &amp;apos;10.0&amp;apos;, java.version: &amp;apos;15.0.1&amp;apos;
Driver info: org.openqa.selenium.chrome.ChromeDriver
Capabilities {acceptInsecureCerts: false, browserName: chrome, browserVersion: 98.0.4758.82, chrome: {chromedriverVersion: 98.0.4758.80 (7f0488e8ba0d8..., userDataDir: C:\Users\Poonam\AppData\Loc...}, goog:chromeOptions: {debuggerAddress: localhost:54130}, javascriptEnabled: true, networkConnectionEnabled: false, pageLoadStrategy: normal, platform: WINDOWS, platformName: WINDOWS, proxy: Proxy(), setWindowRect: true, strictFileInteractability: false, timeouts: {implicit: 0, pageLoad: 300000, script: 30000}, unhandledPromptBehavior: dismiss and notify, webauthn:extension:credBlob: true, webauthn:extension:largeBlob: true, webauthn:virtualAuthenticators: true}
Session ID: 4de3b6253714f4c0eabec48b2bacb884">
      <![CDATA[org.openqa.selenium.ElementNotInteractableException: element not interactable
  (Session info: chrome=98.0.4758.82)
Build info: version: '3.141.59', revision: 'e82be7d358', time: '2018-11-14T08:25:48'
System info: host: 'OB-SUM', ip: '192.168.1.14', os.name: 'Windows 10', os.arch: 'amd64', os.version: '10.0', java.version: '15.0.1'
Driver info: org.openqa.selenium.chrome.ChromeDriver
Capabilities {acceptInsecureCerts: false, browserName: chrome, browserVersion: 98.0.4758.82, chrome: {chromedriverVersion: 98.0.4758.80 (7f0488e8ba0d8..., userDataDir: C:\Users\Poonam\AppData\Loc...}, goog:chromeOptions: {debuggerAddress: localhost:54130}, javascriptEnabled: true, networkConnectionEnabled: false, pageLoadStrategy: normal, platform: WINDOWS, platformName: WINDOWS, proxy: Proxy(), setWindowRect: true, strictFileInteractability: false, timeouts: {implicit: 0, pageLoad: 300000, script: 30000}, unhandledPromptBehavior: dismiss and notify, webauthn:extension:credBlob: true, webauthn:extension:largeBlob: true, webauthn:virtualAuthenticators: true}
Session ID: 4de3b6253714f4c0eabec48b2bacb884
at java.base/jdk.internal.reflect.NativeConstructorAccessorImpl.newInstance0(Native Method)
at java.base/jdk.internal.reflect.NativeConstructorAccessorImpl.newInstance(NativeConstructorAccessorImpl.java:64)
at java.base/jdk.internal.reflect.DelegatingConstructorAccessorImpl.newInstance(DelegatingConstructorAccessorImpl.java:45)
at java.base/java.lang.reflect.Constructor.newInstanceWithCaller(Constructor.java:500)
at java.base/java.lang.reflect.Constructor.newInstance(Constructor.java:481)
at org.openqa.selenium.remote.http.W3CHttpResponseCodec.createException(W3CHttpResponseCodec.java:187)
at org.openqa.selenium.remote.http.W3CHttpResponseCodec.decode(W3CHttpResponseCodec.java:122)
at org.openqa.selenium.remote.http.W3CHttpResponseCodec.decode(W3CHttpResponseCodec.java:49)
at org.openqa.selenium.remote.HttpCommandExecutor.execute(HttpCommandExecutor.java:158)
at org.openqa.selenium.remote.service.DriverCommandExecutor.execute(DriverCommandExecutor.java:83)
at org.openqa.selenium.remote.RemoteWebDriver.execute(RemoteWebDriver.java:552)
at org.openqa.selenium.remote.RemoteWebElement.execute(RemoteWebElement.java:285)
at org.openqa.selenium.remote.RemoteWebElement.click(RemoteWebElement.java:84)
at As_Supplier.Expense_Reimbursement.Click_Mileage_23(Expense_Reimbursement.java:778)
at test.ashiv.TestEnpenseReimbursement_DefaultProfile.GoToUrlAssertUrlClickExpenditure1ClickView2ClickExpenseReimbursement3PositiveSelectSelectMonth_8(TestEnpenseReimbursement_DefaultProfile.java:1287)
at java.base/jdk.internal.reflect.NativeMethodAccessorImpl.invoke0(Native Method)
at java.base/jdk.internal.reflect.NativeMethodAccessorImpl.invoke(NativeMethodAccessorImpl.java:64)
at java.base/jdk.internal.reflect.DelegatingMethodAccessorImpl.invoke(DelegatingMethodAccessorImpl.java:43)
at java.base/java.lang.reflect.Method.invoke(Method.java:564)
at org.testng.internal.MethodInvocationHelper.invokeMethod(MethodInvocationHelper.java:133)
at org.testng.internal.TestInvoker.invokeMethod(TestInvoker.java:598)
at org.testng.internal.TestInvoker.invokeTestMethod(TestInvoker.java:173)
at org.testng.internal.MethodRunner.runInSequence(MethodRunner.java:46)
at org.testng.internal.TestInvoker$MethodInvocationAgent.invoke(TestInvoker.java:824)
at org.testng.internal.TestInvoker.invokeTestMethods(TestInvoker.java:146)
at org.testng.internal.TestMethodWorker.invokeTestMethods(TestMethodWorker.java:146)
at org.testng.internal.TestMethodWorker.run(TestMethodWorker.java:128)
at java.base/java.util.ArrayList.forEach(ArrayList.java:1511)
at org.testng.TestRunner.privateRun(TestRunner.java:794)
at org.testng.TestRunner.run(TestRunner.java:596)
at org.testng.SuiteRunner.runTest(SuiteRunner.java:377)
at org.testng.SuiteRunner.runSequentially(SuiteRunner.java:371)
at org.testng.SuiteRunner.privateRun(SuiteRunner.java:332)
at org.testng.SuiteRunner.run(SuiteRunner.java:276)
at org.testng.SuiteRunnerWorker.runSuite(SuiteRunnerWorker.java:53)
at org.testng.SuiteRunnerWorker.run(SuiteRunnerWorker.java:96)
at org.testng.TestNG.runSuitesSequentially(TestNG.java:1212)
at org.testng.TestNG.runSuitesLocally(TestNG.java:1134)
at org.testng.TestNG.runSuites(TestNG.java:1063)
at org.testng.TestNG.run(TestNG.java:1031)
at org.testng.remote.AbstractRemoteTestNG.run(AbstractRemoteTestNG.java:115)
at org.testng.remote.RemoteTestNG.initAndRun(RemoteTestNG.java:251)
at org.testng.remote.RemoteTestNG.main(RemoteTestNG.java:77)
]]>
    </failure>
  </testcase> <!-- GoToUrlAssertUrlClickExpenditure1ClickView2ClickExpenseReimbursement3PositiveSelectSelectMonth_8 -->
  <testcase classname="test.ashiv.TestEnpenseReimbursement_DefaultProfile" name="GoToUrlAssertUrlClickExpenditure1ClickView2ClickExpenseReimbursement3PositiveSelectSelectMonth_9" time="104.167"/>
  <testcase classname="tests.Receive_Payment.SaleInvoice_nuinvoice" name="ClickSaleNewmenu1PositiveSelectNuInvCustomer1PositiveEnterNuInvInvoiceDate2PositiveEnterNuInvDue81" time="17.685">
    <failure type="java.lang.AssertionError" message="Unable to locate object: By.xpath: //TD[@style=&amp;apos;cursor: pointer;&amp;apos;]">
      <![CDATA[java.lang.AssertionError: Unable to locate object: By.xpath: //TD[@style='cursor: pointer;']
at org.testng.Assert.fail(Assert.java:99)
at pages.AgentSearch.Click__Nidhi1_(AgentSearch.java:172)
at tests.Receive_Payment.SaleInvoice_nuinvoice.ClickSaleNewmenu1PositiveSelectNuInvCustomer1PositiveEnterNuInvInvoiceDate2PositiveEnterNuInvDue81(SaleInvoice_nuinvoice.java:79)
at java.base/jdk.internal.reflect.NativeMethodAccessorImpl.invoke0(Native Method)
at java.base/jdk.internal.reflect.NativeMethodAccessorImpl.invoke(NativeMethodAccessorImpl.java:64)
at java.base/jdk.internal.reflect.DelegatingMethodAccessorImpl.invoke(DelegatingMethodAccessorImpl.java:43)
at java.base/java.lang.reflect.Method.invoke(Method.java:564)
at org.testng.internal.MethodInvocationHelper.invokeMethod(MethodInvocationHelper.java:133)
at org.testng.internal.TestInvoker.invokeMethod(TestInvoker.java:598)
at org.testng.internal.TestInvoker.invokeTestMethod(TestInvoker.java:173)
at org.testng.internal.MethodRunner.runInSequence(MethodRunner.java:46)
at org.testng.internal.TestInvoker$MethodInvocationAgent.invoke(TestInvoker.java:824)
at org.testng.internal.TestInvoker.invokeTestMethods(TestInvoker.java:146)
at org.testng.internal.TestMethodWorker.invokeTestMethods(TestMethodWorker.java:146)
at org.testng.internal.TestMethodWorker.run(TestMethodWorker.java:128)
at java.base/java.util.ArrayList.forEach(ArrayList.java:1511)
at org.testng.TestRunner.privateRun(TestRunner.java:794)
at org.testng.TestRunner.run(TestRunner.java:596)
at org.testng.SuiteRunner.runTest(SuiteRunner.java:377)
at org.testng.SuiteRunner.runSequentially(SuiteRunner.java:371)
at org.testng.SuiteRunner.privateRun(SuiteRunner.java:332)
at org.testng.SuiteRunner.run(SuiteRunner.java:276)
at org.testng.SuiteRunnerWorker.runSuite(SuiteRunnerWorker.java:53)
at org.testng.SuiteRunnerWorker.run(SuiteRunnerWorker.java:96)
at org.testng.TestNG.runSuitesSequentially(TestNG.java:1212)
at org.testng.TestNG.runSuitesLocally(TestNG.java:1134)
at org.testng.TestNG.runSuites(TestNG.java:1063)
at org.testng.TestNG.run(TestNG.java:1031)
at org.testng.remote.AbstractRemoteTestNG.run(AbstractRemoteTestNG.java:115)
at org.testng.remote.RemoteTestNG.initAndRun(RemoteTestNG.java:251)
at org.testng.remote.RemoteTestNG.main(RemoteTestNG.java:77)
]]>
    </failure>
  </testcase> <!-- ClickSaleNewmenu1PositiveSelectNuInvCustomer1PositiveEnterNuInvInvoiceDate2PositiveEnterNuInvDue81 -->
  <testcase classname="tests.Receive_Payment.SaleInvoice_nuinvoice" name="ClickSaleNewmenu1PositiveSelectNuInvCustomer1PositiveEnterNuInvInvoiceDate2PositiveEnterNuInvDue82" time="17.607">
    <failure type="java.lang.AssertionError" message="Unable to locate object: By.xpath: //TD[@style=&amp;apos;cursor: pointer;&amp;apos;]">
      <![CDATA[java.lang.AssertionError: Unable to locate object: By.xpath: //TD[@style='cursor: pointer;']
at org.testng.Assert.fail(Assert.java:99)
at pages.AgentSearch.Click__Nidhi1_(AgentSearch.java:172)
at tests.Receive_Payment.SaleInvoice_nuinvoice.ClickSaleNewmenu1PositiveSelectNuInvCustomer1PositiveEnterNuInvInvoiceDate2PositiveEnterNuInvDue82(SaleInvoice_nuinvoice.java:228)
at java.base/jdk.internal.reflect.NativeMethodAccessorImpl.invoke0(Native Method)
at java.base/jdk.internal.reflect.NativeMethodAccessorImpl.invoke(NativeMethodAccessorImpl.java:64)
at java.base/jdk.internal.reflect.DelegatingMethodAccessorImpl.invoke(DelegatingMethodAccessorImpl.java:43)
at java.base/java.lang.reflect.Method.invoke(Method.java:564)
at org.testng.internal.MethodInvocationHelper.invokeMethod(MethodInvocationHelper.java:133)
at org.testng.internal.TestInvoker.invokeMethod(TestInvoker.java:598)
at org.testng.internal.TestInvoker.invokeTestMethod(TestInvoker.java:173)
at org.testng.internal.MethodRunner.runInSequence(MethodRunner.java:46)
at org.testng.internal.TestInvoker$MethodInvocationAgent.invoke(TestInvoker.java:824)
at org.testng.internal.TestInvoker.invokeTestMethods(TestInvoker.java:146)
at org.testng.internal.TestMethodWorker.invokeTestMethods(TestMethodWorker.java:146)
at org.testng.internal.TestMethodWorker.run(TestMethodWorker.java:128)
at java.base/java.util.ArrayList.forEach(ArrayList.java:1511)
at org.testng.TestRunner.privateRun(TestRunner.java:794)
at org.testng.TestRunner.run(TestRunner.java:596)
at org.testng.SuiteRunner.runTest(SuiteRunner.java:377)
at org.testng.SuiteRunner.runSequentially(SuiteRunner.java:371)
at org.testng.SuiteRunner.privateRun(SuiteRunner.java:332)
at org.testng.SuiteRunner.run(SuiteRunner.java:276)
at org.testng.SuiteRunnerWorker.runSuite(SuiteRunnerWorker.java:53)
at org.testng.SuiteRunnerWorker.run(SuiteRunnerWorker.java:96)
at org.testng.TestNG.runSuitesSequentially(TestNG.java:1212)
at org.testng.TestNG.runSuitesLocally(TestNG.java:1134)
at org.testng.TestNG.runSuites(TestNG.java:1063)
at org.testng.TestNG.run(TestNG.java:1031)
at org.testng.remote.AbstractRemoteTestNG.run(AbstractRemoteTestNG.java:115)
at org.testng.remote.RemoteTestNG.initAndRun(RemoteTestNG.java:251)
at org.testng.remote.RemoteTestNG.main(RemoteTestNG.java:77)
]]>
    </failure>
  </testcase> <!-- ClickSaleNewmenu1PositiveSelectNuInvCustomer1PositiveEnterNuInvInvoiceDate2PositiveEnterNuInvDue82 -->
  <testcase classname="tests.Receive_Payment.SaleInvoice_nuinvoice" name="ClickSaleNewmenu1PositiveSelectNuInvCustomer1PositiveEnterNuInvInvoiceDate2PositiveEnterNuInvDue83" time="18.09">
    <failure type="java.lang.AssertionError" message="Unable to locate object: By.xpath: //TD[@style=&amp;apos;cursor: pointer;&amp;apos;]">
      <![CDATA[java.lang.AssertionError: Unable to locate object: By.xpath: //TD[@style='cursor: pointer;']
at org.testng.Assert.fail(Assert.java:99)
at pages.AgentSearch.Click__Nidhi1_(AgentSearch.java:172)
at tests.Receive_Payment.SaleInvoice_nuinvoice.ClickSaleNewmenu1PositiveSelectNuInvCustomer1PositiveEnterNuInvInvoiceDate2PositiveEnterNuInvDue83(SaleInvoice_nuinvoice.java:388)
at java.base/jdk.internal.reflect.NativeMethodAccessorImpl.invoke0(Native Method)
at java.base/jdk.internal.reflect.NativeMethodAccessorImpl.invoke(NativeMethodAccessorImpl.java:64)
at java.base/jdk.internal.reflect.DelegatingMethodAccessorImpl.invoke(DelegatingMethodAccessorImpl.java:43)
at java.base/java.lang.reflect.Method.invoke(Method.java:564)
at org.testng.internal.MethodInvocationHelper.invokeMethod(MethodInvocationHelper.java:133)
at org.testng.internal.TestInvoker.invokeMethod(TestInvoker.java:598)
at org.testng.internal.TestInvoker.invokeTestMethod(TestInvoker.java:173)
at org.testng.internal.MethodRunner.runInSequence(MethodRunner.java:46)
at org.testng.internal.TestInvoker$MethodInvocationAgent.invoke(TestInvoker.java:824)
at org.testng.internal.TestInvoker.invokeTestMethods(TestInvoker.java:146)
at org.testng.internal.TestMethodWorker.invokeTestMethods(TestMethodWorker.java:146)
at org.testng.internal.TestMethodWorker.run(TestMethodWorker.java:128)
at java.base/java.util.ArrayList.forEach(ArrayList.java:1511)
at org.testng.TestRunner.privateRun(TestRunner.java:794)
at org.testng.TestRunner.run(TestRunner.java:596)
at org.testng.SuiteRunner.runTest(SuiteRunner.java:377)
at org.testng.SuiteRunner.runSequentially(SuiteRunner.java:371)
at org.testng.SuiteRunner.privateRun(SuiteRunner.java:332)
at org.testng.SuiteRunner.run(SuiteRunner.java:276)
at org.testng.SuiteRunnerWorker.runSuite(SuiteRunnerWorker.java:53)
at org.testng.SuiteRunnerWorker.run(SuiteRunnerWorker.java:96)
at org.testng.TestNG.runSuitesSequentially(TestNG.java:1212)
at org.testng.TestNG.runSuitesLocally(TestNG.java:1134)
at org.testng.TestNG.runSuites(TestNG.java:1063)
at org.testng.TestNG.run(TestNG.java:1031)
at org.testng.remote.AbstractRemoteTestNG.run(AbstractRemoteTestNG.java:115)
at org.testng.remote.RemoteTestNG.initAndRun(RemoteTestNG.java:251)
at org.testng.remote.RemoteTestNG.main(RemoteTestNG.java:77)
]]>
    </failure>
  </testcase> <!-- ClickSaleNewmenu1PositiveSelectNuInvCustomer1PositiveEnterNuInvInvoiceDate2PositiveEnterNuInvDue83 -->
  <testcase classname="tests.Receive_Payment.SaleInvoice_nuinvoice" name="ClickSaleNewmenu1PositiveSelectNuInvCustomer1PositiveEnterNuInvInvoiceDate2PositiveEnterNuInvDue84" time="17.47">
    <failure type="java.lang.AssertionError" message="Unable to locate object: By.xpath: //TD[@style=&amp;apos;cursor: pointer;&amp;apos;]">
      <![CDATA[java.lang.AssertionError: Unable to locate object: By.xpath: //TD[@style='cursor: pointer;']
at org.testng.Assert.fail(Assert.java:99)
at pages.AgentSearch.Click__Nidhi1_(AgentSearch.java:172)
at tests.Receive_Payment.SaleInvoice_nuinvoice.ClickSaleNewmenu1PositiveSelectNuInvCustomer1PositiveEnterNuInvInvoiceDate2PositiveEnterNuInvDue84(SaleInvoice_nuinvoice.java:547)
at java.base/jdk.internal.reflect.NativeMethodAccessorImpl.invoke0(Native Method)
at java.base/jdk.internal.reflect.NativeMethodAccessorImpl.invoke(NativeMethodAccessorImpl.java:64)
at java.base/jdk.internal.reflect.DelegatingMethodAccessorImpl.invoke(DelegatingMethodAccessorImpl.java:43)
at java.base/java.lang.reflect.Method.invoke(Method.java:564)
at org.testng.internal.MethodInvocationHelper.invokeMethod(MethodInvocationHelper.java:133)
at org.testng.internal.TestInvoker.invokeMethod(TestInvoker.java:598)
at org.testng.internal.TestInvoker.invokeTestMethod(TestInvoker.java:173)
at org.testng.internal.MethodRunner.runInSequence(MethodRunner.java:46)
at org.testng.internal.TestInvoker$MethodInvocationAgent.invoke(TestInvoker.java:824)
at org.testng.internal.TestInvoker.invokeTestMethods(TestInvoker.java:146)
at org.testng.internal.TestMethodWorker.invokeTestMethods(TestMethodWorker.java:146)
at org.testng.internal.TestMethodWorker.run(TestMethodWorker.java:128)
at java.base/java.util.ArrayList.forEach(ArrayList.java:1511)
at org.testng.TestRunner.privateRun(TestRunner.java:794)
at org.testng.TestRunner.run(TestRunner.java:596)
at org.testng.SuiteRunner.runTest(SuiteRunner.java:377)
at org.testng.SuiteRunner.runSequentially(SuiteRunner.java:371)
at org.testng.SuiteRunner.privateRun(SuiteRunner.java:332)
at org.testng.SuiteRunner.run(SuiteRunner.java:276)
at org.testng.SuiteRunnerWorker.runSuite(SuiteRunnerWorker.java:53)
at org.testng.SuiteRunnerWorker.run(SuiteRunnerWorker.java:96)
at org.testng.TestNG.runSuitesSequentially(TestNG.java:1212)
at org.testng.TestNG.runSuitesLocally(TestNG.java:1134)
at org.testng.TestNG.runSuites(TestNG.java:1063)
at org.testng.TestNG.run(TestNG.java:1031)
at org.testng.remote.AbstractRemoteTestNG.run(AbstractRemoteTestNG.java:115)
at org.testng.remote.RemoteTestNG.initAndRun(RemoteTestNG.java:251)
at org.testng.remote.RemoteTestNG.main(RemoteTestNG.java:77)
]]>
    </failure>
  </testcase> <!-- ClickSaleNewmenu1PositiveSelectNuInvCustomer1PositiveEnterNuInvInvoiceDate2PositiveEnterNuInvDue84 -->
  <testcase classname="tests.Receive_Payment.SaleInvoice_nuinvoice" name="ClickSaleNewmenu1PositiveSelectNuInvCustomer1PositiveEnterNuInvInvoiceDate2PositiveEnterNuInvDue85" time="17.485">
    <failure type="java.lang.AssertionError" message="Unable to locate object: By.xpath: //TD[@style=&amp;apos;cursor: pointer;&amp;apos;]">
      <![CDATA[java.lang.AssertionError: Unable to locate object: By.xpath: //TD[@style='cursor: pointer;']
at org.testng.Assert.fail(Assert.java:99)
at pages.AgentSearch.Click__Nidhi1_(AgentSearch.java:172)
at tests.Receive_Payment.SaleInvoice_nuinvoice.ClickSaleNewmenu1PositiveSelectNuInvCustomer1PositiveEnterNuInvInvoiceDate2PositiveEnterNuInvDue85(SaleInvoice_nuinvoice.java:650)
at java.base/jdk.internal.reflect.NativeMethodAccessorImpl.invoke0(Native Method)
at java.base/jdk.internal.reflect.NativeMethodAccessorImpl.invoke(NativeMethodAccessorImpl.java:64)
at java.base/jdk.internal.reflect.DelegatingMethodAccessorImpl.invoke(DelegatingMethodAccessorImpl.java:43)
at java.base/java.lang.reflect.Method.invoke(Method.java:564)
at org.testng.internal.MethodInvocationHelper.invokeMethod(MethodInvocationHelper.java:133)
at org.testng.internal.TestInvoker.invokeMethod(TestInvoker.java:598)
at org.testng.internal.TestInvoker.invokeTestMethod(TestInvoker.java:173)
at org.testng.internal.MethodRunner.runInSequence(MethodRunner.java:46)
at org.testng.internal.TestInvoker$MethodInvocationAgent.invoke(TestInvoker.java:824)
at org.testng.internal.TestInvoker.invokeTestMethods(TestInvoker.java:146)
at org.testng.internal.TestMethodWorker.invokeTestMethods(TestMethodWorker.java:146)
at org.testng.internal.TestMethodWorker.run(TestMethodWorker.java:128)
at java.base/java.util.ArrayList.forEach(ArrayList.java:1511)
at org.testng.TestRunner.privateRun(TestRunner.java:794)
at org.testng.TestRunner.run(TestRunner.java:596)
at org.testng.SuiteRunner.runTest(SuiteRunner.java:377)
at org.testng.SuiteRunner.runSequentially(SuiteRunner.java:371)
at org.testng.SuiteRunner.privateRun(SuiteRunner.java:332)
at org.testng.SuiteRunner.run(SuiteRunner.java:276)
at org.testng.SuiteRunnerWorker.runSuite(SuiteRunnerWorker.java:53)
at org.testng.SuiteRunnerWorker.run(SuiteRunnerWorker.java:96)
at org.testng.TestNG.runSuitesSequentially(TestNG.java:1212)
at org.testng.TestNG.runSuitesLocally(TestNG.java:1134)
at org.testng.TestNG.runSuites(TestNG.java:1063)
at org.testng.TestNG.run(TestNG.java:1031)
at org.testng.remote.AbstractRemoteTestNG.run(AbstractRemoteTestNG.java:115)
at org.testng.remote.RemoteTestNG.initAndRun(RemoteTestNG.java:251)
at org.testng.remote.RemoteTestNG.main(RemoteTestNG.java:77)
]]>
    </failure>
  </testcase> <!-- ClickSaleNewmenu1PositiveSelectNuInvCustomer1PositiveEnterNuInvInvoiceDate2PositiveEnterNuInvDue85 -->
  <testcase classname="tests.Receive_Payment.SaleInvoice_nuinvoice" name="ClickSaleNewmenu1PositiveSelectNuInvCustomer1PositiveEnterNuInvInvoiceDate2PositiveEnterNuInvDue86" time="17.348">
    <failure type="java.lang.AssertionError" message="Unable to locate object: By.xpath: //TD[@style=&amp;apos;cursor: pointer;&amp;apos;]">
      <![CDATA[java.lang.AssertionError: Unable to locate object: By.xpath: //TD[@style='cursor: pointer;']
at org.testng.Assert.fail(Assert.java:99)
at pages.AgentSearch.Click__Nidhi1_(AgentSearch.java:172)
at tests.Receive_Payment.SaleInvoice_nuinvoice.ClickSaleNewmenu1PositiveSelectNuInvCustomer1PositiveEnterNuInvInvoiceDate2PositiveEnterNuInvDue86(SaleInvoice_nuinvoice.java:748)
at java.base/jdk.internal.reflect.NativeMethodAccessorImpl.invoke0(Native Method)
at java.base/jdk.internal.reflect.NativeMethodAccessorImpl.invoke(NativeMethodAccessorImpl.java:64)
at java.base/jdk.internal.reflect.DelegatingMethodAccessorImpl.invoke(DelegatingMethodAccessorImpl.java:43)
at java.base/java.lang.reflect.Method.invoke(Method.java:564)
at org.testng.internal.MethodInvocationHelper.invokeMethod(MethodInvocationHelper.java:133)
at org.testng.internal.TestInvoker.invokeMethod(TestInvoker.java:598)
at org.testng.internal.TestInvoker.invokeTestMethod(TestInvoker.java:173)
at org.testng.internal.MethodRunner.runInSequence(MethodRunner.java:46)
at org.testng.internal.TestInvoker$MethodInvocationAgent.invoke(TestInvoker.java:824)
at org.testng.internal.TestInvoker.invokeTestMethods(TestInvoker.java:146)
at org.testng.internal.TestMethodWorker.invokeTestMethods(TestMethodWorker.java:146)
at org.testng.internal.TestMethodWorker.run(TestMethodWorker.java:128)
at java.base/java.util.ArrayList.forEach(ArrayList.java:1511)
at org.testng.TestRunner.privateRun(TestRunner.java:794)
at org.testng.TestRunner.run(TestRunner.java:596)
at org.testng.SuiteRunner.runTest(SuiteRunner.java:377)
at org.testng.SuiteRunner.runSequentially(SuiteRunner.java:371)
at org.testng.SuiteRunner.privateRun(SuiteRunner.java:332)
at org.testng.SuiteRunner.run(SuiteRunner.java:276)
at org.testng.SuiteRunnerWorker.runSuite(SuiteRunnerWorker.java:53)
at org.testng.SuiteRunnerWorker.run(SuiteRunnerWorker.java:96)
at org.testng.TestNG.runSuitesSequentially(TestNG.java:1212)
at org.testng.TestNG.runSuitesLocally(TestNG.java:1134)
at org.testng.TestNG.runSuites(TestNG.java:1063)
at org.testng.TestNG.run(TestNG.java:1031)
at org.testng.remote.AbstractRemoteTestNG.run(AbstractRemoteTestNG.java:115)
at org.testng.remote.RemoteTestNG.initAndRun(RemoteTestNG.java:251)
at org.testng.remote.RemoteTestNG.main(RemoteTestNG.java:77)
]]>
    </failure>
  </testcase> <!-- ClickSaleNewmenu1PositiveSelectNuInvCustomer1PositiveEnterNuInvInvoiceDate2PositiveEnterNuInvDue86 -->
  <testcase classname="tests.Receive_Payment.SaleInvoice_nuinvoice" name="ClickSaleNewmenu1PositiveSelectNuInvCustomer1PositiveEnterNuInvInvoiceDate2PositiveEnterNuInvDue87" time="18.37">
    <failure type="java.lang.AssertionError" message="Unable to locate object: By.xpath: //TD[@style=&amp;apos;cursor: pointer;&amp;apos;]">
      <![CDATA[java.lang.AssertionError: Unable to locate object: By.xpath: //TD[@style='cursor: pointer;']
at org.testng.Assert.fail(Assert.java:99)
at pages.AgentSearch.Click__Nidhi1_(AgentSearch.java:172)
at tests.Receive_Payment.SaleInvoice_nuinvoice.ClickSaleNewmenu1PositiveSelectNuInvCustomer1PositiveEnterNuInvInvoiceDate2PositiveEnterNuInvDue87(SaleInvoice_nuinvoice.java:846)
at java.base/jdk.internal.reflect.NativeMethodAccessorImpl.invoke0(Native Method)
at java.base/jdk.internal.reflect.NativeMethodAccessorImpl.invoke(NativeMethodAccessorImpl.java:64)
at java.base/jdk.internal.reflect.DelegatingMethodAccessorImpl.invoke(DelegatingMethodAccessorImpl.java:43)
at java.base/java.lang.reflect.Method.invoke(Method.java:564)
at org.testng.internal.MethodInvocationHelper.invokeMethod(MethodInvocationHelper.java:133)
at org.testng.internal.TestInvoker.invokeMethod(TestInvoker.java:598)
at org.testng.internal.TestInvoker.invokeTestMethod(TestInvoker.java:173)
at org.testng.internal.MethodRunner.runInSequence(MethodRunner.java:46)
at org.testng.internal.TestInvoker$MethodInvocationAgent.invoke(TestInvoker.java:824)
at org.testng.internal.TestInvoker.invokeTestMethods(TestInvoker.java:146)
at org.testng.internal.TestMethodWorker.invokeTestMethods(TestMethodWorker.java:146)
at org.testng.internal.TestMethodWorker.run(TestMethodWorker.java:128)
at java.base/java.util.ArrayList.forEach(ArrayList.java:1511)
at org.testng.TestRunner.privateRun(TestRunner.java:794)
at org.testng.TestRunner.run(TestRunner.java:596)
at org.testng.SuiteRunner.runTest(SuiteRunner.java:377)
at org.testng.SuiteRunner.runSequentially(SuiteRunner.java:371)
at org.testng.SuiteRunner.privateRun(SuiteRunner.java:332)
at org.testng.SuiteRunner.run(SuiteRunner.java:276)
at org.testng.SuiteRunnerWorker.runSuite(SuiteRunnerWorker.java:53)
at org.testng.SuiteRunnerWorker.run(SuiteRunnerWorker.java:96)
at org.testng.TestNG.runSuitesSequentially(TestNG.java:1212)
at org.testng.TestNG.runSuitesLocally(TestNG.java:1134)
at org.testng.TestNG.runSuites(TestNG.java:1063)
at org.testng.TestNG.run(TestNG.java:1031)
at org.testng.remote.AbstractRemoteTestNG.run(AbstractRemoteTestNG.java:115)
at org.testng.remote.RemoteTestNG.initAndRun(RemoteTestNG.java:251)
at org.testng.remote.RemoteTestNG.main(RemoteTestNG.java:77)
]]>
    </failure>
  </testcase> <!-- ClickSaleNewmenu1PositiveSelectNuInvCustomer1PositiveEnterNuInvInvoiceDate2PositiveEnterNuInvDue87 -->
  <testcase classname="tests.Receive_Payment.SaleInvoice_nuinvoice" name="ClickSaleNewmenu1PositiveSelectNuInvCustomer1PositiveEnterNuInvInvoiceDate2PositiveEnterNuInvDue89" time="17.896">
    <failure type="java.lang.AssertionError" message="Unable to locate object: By.xpath: //TD[@style=&amp;apos;cursor: pointer;&amp;apos;]">
      <![CDATA[java.lang.AssertionError: Unable to locate object: By.xpath: //TD[@style='cursor: pointer;']
at org.testng.Assert.fail(Assert.java:99)
at pages.AgentSearch.Click__Nidhi1_(AgentSearch.java:172)
at tests.Receive_Payment.SaleInvoice_nuinvoice.ClickSaleNewmenu1PositiveSelectNuInvCustomer1PositiveEnterNuInvInvoiceDate2PositiveEnterNuInvDue89(SaleInvoice_nuinvoice.java:994)
at java.base/jdk.internal.reflect.NativeMethodAccessorImpl.invoke0(Native Method)
at java.base/jdk.internal.reflect.NativeMethodAccessorImpl.invoke(NativeMethodAccessorImpl.java:64)
at java.base/jdk.internal.reflect.DelegatingMethodAccessorImpl.invoke(DelegatingMethodAccessorImpl.java:43)
at java.base/java.lang.reflect.Method.invoke(Method.java:564)
at org.testng.internal.MethodInvocationHelper.invokeMethod(MethodInvocationHelper.java:133)
at org.testng.internal.TestInvoker.invokeMethod(TestInvoker.java:598)
at org.testng.internal.TestInvoker.invokeTestMethod(TestInvoker.java:173)
at org.testng.internal.MethodRunner.runInSequence(MethodRunner.java:46)
at org.testng.internal.TestInvoker$MethodInvocationAgent.invoke(TestInvoker.java:824)
at org.testng.internal.TestInvoker.invokeTestMethods(TestInvoker.java:146)
at org.testng.internal.TestMethodWorker.invokeTestMethods(TestMethodWorker.java:146)
at org.testng.internal.TestMethodWorker.run(TestMethodWorker.java:128)
at java.base/java.util.ArrayList.forEach(ArrayList.java:1511)
at org.testng.TestRunner.privateRun(TestRunner.java:794)
at org.testng.TestRunner.run(TestRunner.java:596)
at org.testng.SuiteRunner.runTest(SuiteRunner.java:377)
at org.testng.SuiteRunner.runSequentially(SuiteRunner.java:371)
at org.testng.SuiteRunner.privateRun(SuiteRunner.java:332)
at org.testng.SuiteRunner.run(SuiteRunner.java:276)
at org.testng.SuiteRunnerWorker.runSuite(SuiteRunnerWorker.java:53)
at org.testng.SuiteRunnerWorker.run(SuiteRunnerWorker.java:96)
at org.testng.TestNG.runSuitesSequentially(TestNG.java:1212)
at org.testng.TestNG.runSuitesLocally(TestNG.java:1134)
at org.testng.TestNG.runSuites(TestNG.java:1063)
at org.testng.TestNG.run(TestNG.java:1031)
at org.testng.remote.AbstractRemoteTestNG.run(AbstractRemoteTestNG.java:115)
at org.testng.remote.RemoteTestNG.initAndRun(RemoteTestNG.java:251)
at org.testng.remote.RemoteTestNG.main(RemoteTestNG.java:77)
]]>
    </failure>
  </testcase> <!-- ClickSaleNewmenu1PositiveSelectNuInvCustomer1PositiveEnterNuInvInvoiceDate2PositiveEnterNuInvDue89 -->
  <testcase classname="tests.Receive_Payment.SaleInvoice_nuinvoice" name="ClickSaleNewmenu1PositiveSelectNuInvCustomer1PositiveEnterNuInvInvoiceDate2PositiveEnterNuInvDue90" time="18.314">
    <failure type="java.lang.AssertionError" message="Unable to locate object: By.xpath: //TD[@style=&amp;apos;cursor: pointer;&amp;apos;]">
      <![CDATA[java.lang.AssertionError: Unable to locate object: By.xpath: //TD[@style='cursor: pointer;']
at org.testng.Assert.fail(Assert.java:99)
at pages.AgentSearch.Click__Nidhi1_(AgentSearch.java:172)
at tests.Receive_Payment.SaleInvoice_nuinvoice.ClickSaleNewmenu1PositiveSelectNuInvCustomer1PositiveEnterNuInvInvoiceDate2PositiveEnterNuInvDue90(SaleInvoice_nuinvoice.java:1100)
at java.base/jdk.internal.reflect.NativeMethodAccessorImpl.invoke0(Native Method)
at java.base/jdk.internal.reflect.NativeMethodAccessorImpl.invoke(NativeMethodAccessorImpl.java:64)
at java.base/jdk.internal.reflect.DelegatingMethodAccessorImpl.invoke(DelegatingMethodAccessorImpl.java:43)
at java.base/java.lang.reflect.Method.invoke(Method.java:564)
at org.testng.internal.MethodInvocationHelper.invokeMethod(MethodInvocationHelper.java:133)
at org.testng.internal.TestInvoker.invokeMethod(TestInvoker.java:598)
at org.testng.internal.TestInvoker.invokeTestMethod(TestInvoker.java:173)
at org.testng.internal.MethodRunner.runInSequence(MethodRunner.java:46)
at org.testng.internal.TestInvoker$MethodInvocationAgent.invoke(TestInvoker.java:824)
at org.testng.internal.TestInvoker.invokeTestMethods(TestInvoker.java:146)
at org.testng.internal.TestMethodWorker.invokeTestMethods(TestMethodWorker.java:146)
at org.testng.internal.TestMethodWorker.run(TestMethodWorker.java:128)
at java.base/java.util.ArrayList.forEach(ArrayList.java:1511)
at org.testng.TestRunner.privateRun(TestRunner.java:794)
at org.testng.TestRunner.run(TestRunner.java:596)
at org.testng.SuiteRunner.runTest(SuiteRunner.java:377)
at org.testng.SuiteRunner.runSequentially(SuiteRunner.java:371)
at org.testng.SuiteRunner.privateRun(SuiteRunner.java:332)
at org.testng.SuiteRunner.run(SuiteRunner.java:276)
at org.testng.SuiteRunnerWorker.runSuite(SuiteRunnerWorker.java:53)
at org.testng.SuiteRunnerWorker.run(SuiteRunnerWorker.java:96)
at org.testng.TestNG.runSuitesSequentially(TestNG.java:1212)
at org.testng.TestNG.runSuitesLocally(TestNG.java:1134)
at org.testng.TestNG.runSuites(TestNG.java:1063)
at org.testng.TestNG.run(TestNG.java:1031)
at org.testng.remote.AbstractRemoteTestNG.run(AbstractRemoteTestNG.java:115)
at org.testng.remote.RemoteTestNG.initAndRun(RemoteTestNG.java:251)
at org.testng.remote.RemoteTestNG.main(RemoteTestNG.java:77)
]]>
    </failure>
  </testcase> <!-- ClickSaleNewmenu1PositiveSelectNuInvCustomer1PositiveEnterNuInvInvoiceDate2PositiveEnterNuInvDue90 -->
  <testcase classname="tests.Receive_Payment.SaleInvoice_nuinvoice" name="ClickSaleNewmenu1PositiveSelectNuInvCustomer1PositiveEnterNuInvInvoiceDate2PositiveEnterNuInvDue91" time="18.631">
    <failure type="java.lang.AssertionError" message="Unable to locate object: By.xpath: //TD[@style=&amp;apos;cursor: pointer;&amp;apos;]">
      <![CDATA[java.lang.AssertionError: Unable to locate object: By.xpath: //TD[@style='cursor: pointer;']
at org.testng.Assert.fail(Assert.java:99)
at pages.AgentSearch.Click__Nidhi1_(AgentSearch.java:172)
at tests.Receive_Payment.SaleInvoice_nuinvoice.ClickSaleNewmenu1PositiveSelectNuInvCustomer1PositiveEnterNuInvInvoiceDate2PositiveEnterNuInvDue91(SaleInvoice_nuinvoice.java:1204)
at java.base/jdk.internal.reflect.NativeMethodAccessorImpl.invoke0(Native Method)
at java.base/jdk.internal.reflect.NativeMethodAccessorImpl.invoke(NativeMethodAccessorImpl.java:64)
at java.base/jdk.internal.reflect.DelegatingMethodAccessorImpl.invoke(DelegatingMethodAccessorImpl.java:43)
at java.base/java.lang.reflect.Method.invoke(Method.java:564)
at org.testng.internal.MethodInvocationHelper.invokeMethod(MethodInvocationHelper.java:133)
at org.testng.internal.TestInvoker.invokeMethod(TestInvoker.java:598)
at org.testng.internal.TestInvoker.invokeTestMethod(TestInvoker.java:173)
at org.testng.internal.MethodRunner.runInSequence(MethodRunner.java:46)
at org.testng.internal.TestInvoker$MethodInvocationAgent.invoke(TestInvoker.java:824)
at org.testng.internal.TestInvoker.invokeTestMethods(TestInvoker.java:146)
at org.testng.internal.TestMethodWorker.invokeTestMethods(TestMethodWorker.java:146)
at org.testng.internal.TestMethodWorker.run(TestMethodWorker.java:128)
at java.base/java.util.ArrayList.forEach(ArrayList.java:1511)
at org.testng.TestRunner.privateRun(TestRunner.java:794)
at org.testng.TestRunner.run(TestRunner.java:596)
at org.testng.SuiteRunner.runTest(SuiteRunner.java:377)
at org.testng.SuiteRunner.runSequentially(SuiteRunner.java:371)
at org.testng.SuiteRunner.privateRun(SuiteRunner.java:332)
at org.testng.SuiteRunner.run(SuiteRunner.java:276)
at org.testng.SuiteRunnerWorker.runSuite(SuiteRunnerWorker.java:53)
at org.testng.SuiteRunnerWorker.run(SuiteRunnerWorker.java:96)
at org.testng.TestNG.runSuitesSequentially(TestNG.java:1212)
at org.testng.TestNG.runSuitesLocally(TestNG.java:1134)
at org.testng.TestNG.runSuites(TestNG.java:1063)
at org.testng.TestNG.run(TestNG.java:1031)
at org.testng.remote.AbstractRemoteTestNG.run(AbstractRemoteTestNG.java:115)
at org.testng.remote.RemoteTestNG.initAndRun(RemoteTestNG.java:251)
at org.testng.remote.RemoteTestNG.main(RemoteTestNG.java:77)
]]>
    </failure>
  </testcase> <!-- ClickSaleNewmenu1PositiveSelectNuInvCustomer1PositiveEnterNuInvInvoiceDate2PositiveEnterNuInvDue91 -->
  <testcase classname="tests.TestBase" name="@AfterSuite closeReporter" time="0.0">
    <ignored/>
  </testcase> <!-- @AfterSuite closeReporter -->
  <testcase classname="tests.TestBase" name="@AfterSuite closeReporter" time="0.0">
    <ignored/>
  </testcase> <!-- @AfterSuite closeReporter -->
  <testcase classname="tests.TestBase" name="@AfterSuite closeReporter" time="0.0">
    <ignored/>
  </testcase> <!-- @AfterSuite closeReporter -->
  <testcase classname="tests.TestBase" name="@AfterSuite closeReporter" time="0.0">
    <ignored/>
  </testcase> <!-- @AfterSuite closeReporter -->
  <testcase classname="tests.TestBase" name="@AfterSuite closeReporter" time="0.0">
    <ignored/>
  </testcase> <!-- @AfterSuite closeReporter -->
  <testcase classname="tests.TestBase" name="@AfterSuite closeReporter" time="0.0">
    <ignored/>
  </testcase> <!-- @AfterSuite closeReporter -->
  <testcase classname="tests.TestBase" name="@AfterSuite closeReporter" time="0.0">
    <ignored/>
  </testcase> <!-- @AfterSuite closeReporter -->
  <testcase classname="tests.TestBase" name="@AfterSuite closeReporter" time="0.0">
    <ignored/>
  </testcase> <!-- @AfterSuite closeReporter -->
  <testcase classname="tests.TestBase" name="@AfterSuite closeReporter" time="0.0">
    <ignored/>
  </testcase> <!-- @AfterSuite closeReporter -->
  <testcase classname="tests.TestBase" name="@BeforeSuite setupReporter" time="0.0">
    <ignored/>
  </testcase> <!-- @BeforeSuite setupReporter -->
  <testcase classname="tests.TestBase" name="@BeforeSuite setupReporter" time="0.0">
    <ignored/>
  </testcase> <!-- @BeforeSuite setupReporter -->
  <testcase classname="tests.TestBase" name="@BeforeSuite setupReporter" time="0.0">
    <ignored/>
  </testcase> <!-- @BeforeSuite setupReporter -->
  <testcase classname="tests.TestBase" name="@BeforeSuite setupReporter" time="0.0">
    <ignored/>
  </testcase> <!-- @BeforeSuite setupReporter -->
  <testcase classname="tests.TestBase" name="@BeforeSuite setupReporter" time="0.0">
    <ignored/>
  </testcase> <!-- @BeforeSuite setupReporter -->
  <testcase classname="tests.TestBase" name="@BeforeSuite setupReporter" time="0.0">
    <ignored/>
  </testcase> <!-- @BeforeSuite setupReporter -->
  <testcase classname="tests.TestBase" name="@BeforeSuite setupReporter" time="0.0">
    <ignored/>
  </testcase> <!-- @BeforeSuite setupReporter -->
  <testcase classname="tests.TestBase" name="@BeforeSuite setupReporter" time="0.0">
    <ignored/>
  </testcase> <!-- @BeforeSuite setupReporter -->
  <testcase classname="tests.TestBase" name="@BeforeSuite setupReporter" time="0.0">
    <ignored/>
  </testcase> <!-- @BeforeSuite setupReporter -->
  <testcase classname="tests.TestBase" name="@BeforeSuite allocateData" time="0.0">
    <ignored/>
  </testcase> <!-- @BeforeSuite allocateData -->
  <testcase classname="tests.TestBase" name="@BeforeSuite allocateData" time="0.0">
    <ignored/>
  </testcase> <!-- @BeforeSuite allocateData -->
  <testcase classname="tests.TestBase" name="@BeforeSuite allocateData" time="0.0">
    <ignored/>
  </testcase> <!-- @BeforeSuite allocateData -->
  <testcase classname="tests.TestBase" name="@BeforeSuite allocateData" time="0.0">
    <ignored/>
  </testcase> <!-- @BeforeSuite allocateData -->
  <testcase classname="tests.TestBase" name="@BeforeSuite allocateData" time="0.0">
    <ignored/>
  </testcase> <!-- @BeforeSuite allocateData -->
  <testcase classname="tests.TestBase" name="@BeforeSuite allocateData" time="0.0">
    <ignored/>
  </testcase> <!-- @BeforeSuite allocateData -->
  <testcase classname="tests.TestBase" name="@BeforeSuite allocateData" time="0.0">
    <ignored/>
  </testcase> <!-- @BeforeSuite allocateData -->
  <testcase classname="tests.TestBase" name="@BeforeSuite allocateData" time="0.0">
    <ignored/>
  </testcase> <!-- @BeforeSuite allocateData -->
  <testcase classname="tests.TestBase" name="@BeforeSuite allocateData" time="0.0">
    <ignored/>
  </testcase> <!-- @BeforeSuite allocateData -->
</testsuite> <!-- Expence -->
