<?xml version="1.0" encoding="UTF-8"?>
<!-- Generated by org.testng.reporters.JUnitXMLReporter -->
<testsuite ignored="3" hostname="OB-Sum" failures="1" tests="18" name="RunRule_BankUnreconcile" time="12243.486" errors="0" timestamp="2022-02-19T07:38:35 IST">
  <testcase classname="test.ashiv.Rule2_rule2" name="GoToUrlClickMenuBankRulesPositiveSelectConditionFormulaEnterRuleDescClickAccountPositiveSelectGetdataOpenBankTrnsfillOutsCRBankTrns" time="441.319"/>
  <testcase classname="test.ashiv.Rule2_rule2" name="GoToUrlClickMenuBankRulesPositiveSelectConditionFormulaEnterRuleDescClickAccountSelectcodePositiveSelectGetdataOpenBankTrnsfillRRDRBankTrns" time="122.403">
    <failure type="org.openqa.selenium.NoSuchElementException" message="no such element: Unable to locate element: {&amp;quot;method&amp;quot;:&amp;quot;xpath&amp;quot;,&amp;quot;selector&amp;quot;:&amp;quot;//*[@id=&amp;quot;select2-ctl00_cPH_rptrParam_ctl01_ltAccount-container&amp;quot;]&amp;quot;}
  (Session info: chrome=98.0.4758.82)
For documentation on this error, please visit: https://www.seleniumhq.org/exceptions/no_such_element.html
Build info: version: &amp;apos;3.141.59&amp;apos;, revision: &amp;apos;e82be7d358&amp;apos;, time: &amp;apos;2018-11-14T08:25:48&amp;apos;
System info: host: &amp;apos;OB-SUM&amp;apos;, ip: &amp;apos;192.168.1.14&amp;apos;, os.name: &amp;apos;Windows 10&amp;apos;, os.arch: &amp;apos;amd64&amp;apos;, os.version: &amp;apos;10.0&amp;apos;, java.version: &amp;apos;15.0.1&amp;apos;
Driver info: org.openqa.selenium.chrome.ChromeDriver
Capabilities {acceptInsecureCerts: false, browserName: chrome, browserVersion: 98.0.4758.82, chrome: {chromedriverVersion: 98.0.4758.80 (7f0488e8ba0d8..., userDataDir: C:\Users\Poonam\AppData\Loc...}, goog:chromeOptions: {debuggerAddress: localhost:51249}, javascriptEnabled: true, networkConnectionEnabled: false, pageLoadStrategy: normal, platform: WINDOWS, platformName: WINDOWS, proxy: Proxy(), setWindowRect: true, strictFileInteractability: false, timeouts: {implicit: 0, pageLoad: 300000, script: 30000}, unhandledPromptBehavior: dismiss and notify, webauthn:extension:credBlob: true, webauthn:extension:largeBlob: true, webauthn:virtualAuthenticators: true}
Session ID: 41243f274f401ac4ec584254c9d41a9b
*** Element info: {Using=xpath, value=//*[@id=&amp;quot;select2-ctl00_cPH_rptrParam_ctl01_ltAccount-container&amp;quot;]}">
      <![CDATA[org.openqa.selenium.NoSuchElementException: no such element: Unable to locate element: {"method":"xpath","selector":"//*[@id="select2-ctl00_cPH_rptrParam_ctl01_ltAccount-container"]"}
  (Session info: chrome=98.0.4758.82)
For documentation on this error, please visit: https://www.seleniumhq.org/exceptions/no_such_element.html
Build info: version: '3.141.59', revision: 'e82be7d358', time: '2018-11-14T08:25:48'
System info: host: 'OB-SUM', ip: '192.168.1.14', os.name: 'Windows 10', os.arch: 'amd64', os.version: '10.0', java.version: '15.0.1'
Driver info: org.openqa.selenium.chrome.ChromeDriver
Capabilities {acceptInsecureCerts: false, browserName: chrome, browserVersion: 98.0.4758.82, chrome: {chromedriverVersion: 98.0.4758.80 (7f0488e8ba0d8..., userDataDir: C:\Users\Poonam\AppData\Loc...}, goog:chromeOptions: {debuggerAddress: localhost:51249}, javascriptEnabled: true, networkConnectionEnabled: false, pageLoadStrategy: normal, platform: WINDOWS, platformName: WINDOWS, proxy: Proxy(), setWindowRect: true, strictFileInteractability: false, timeouts: {implicit: 0, pageLoad: 300000, script: 30000}, unhandledPromptBehavior: dismiss and notify, webauthn:extension:credBlob: true, webauthn:extension:largeBlob: true, webauthn:virtualAuthenticators: true}
Session ID: 41243f274f401ac4ec584254c9d41a9b
*** Element info: {Using=xpath, value=//*[@id="select2-ctl00_cPH_rptrParam_ctl01_ltAccount-container"]}
at jdk.internal.reflect.GeneratedConstructorAccessor74.newInstance(Unknown Source)
at java.base/jdk.internal.reflect.DelegatingConstructorAccessorImpl.newInstance(DelegatingConstructorAccessorImpl.java:45)
at java.base/java.lang.reflect.Constructor.newInstanceWithCaller(Constructor.java:500)
at java.base/java.lang.reflect.Constructor.newInstance(Constructor.java:481)
at org.openqa.selenium.remote.http.W3CHttpResponseCodec.createException(W3CHttpResponseCodec.java:187)
at org.openqa.selenium.remote.http.W3CHttpResponseCodec.decode(W3CHttpResponseCodec.java:122)
at org.openqa.selenium.remote.http.W3CHttpResponseCodec.decode(W3CHttpResponseCodec.java:49)
at org.openqa.selenium.remote.HttpCommandExecutor.execute(HttpCommandExecutor.java:158)
at org.openqa.selenium.remote.service.DriverCommandExecutor.execute(DriverCommandExecutor.java:83)
at org.openqa.selenium.remote.RemoteWebDriver.execute(RemoteWebDriver.java:552)
at org.openqa.selenium.remote.RemoteWebDriver.findElement(RemoteWebDriver.java:323)
at org.openqa.selenium.remote.RemoteWebDriver.findElementByXPath(RemoteWebDriver.java:428)
at org.openqa.selenium.By$ByXPath.findElement(By.java:353)
at org.openqa.selenium.remote.RemoteWebDriver.findElement(RemoteWebDriver.java:315)
at pages.banking.ashiv.BankRuleCr_Reducedrte_Debit.ASEnterRuleData(BankRuleCr_Reducedrte_Debit.java:447)
at test.ashiv.Rule2_rule2.GoToUrlClickMenuBankRulesPositiveSelectConditionFormulaEnterRuleDescClickAccountSelectcodePositiveSelectGetdataOpenBankTrnsfillRRDRBankTrns(Rule2_rule2.java:349)
at java.base/jdk.internal.reflect.NativeMethodAccessorImpl.invoke0(Native Method)
at java.base/jdk.internal.reflect.NativeMethodAccessorImpl.invoke(NativeMethodAccessorImpl.java:64)
at java.base/jdk.internal.reflect.DelegatingMethodAccessorImpl.invoke(DelegatingMethodAccessorImpl.java:43)
at java.base/java.lang.reflect.Method.invoke(Method.java:564)
at org.testng.internal.MethodInvocationHelper.invokeMethod(MethodInvocationHelper.java:133)
at org.testng.internal.TestInvoker.invokeMethod(TestInvoker.java:598)
at org.testng.internal.TestInvoker.invokeTestMethod(TestInvoker.java:173)
at org.testng.internal.MethodRunner.runInSequence(MethodRunner.java:46)
at org.testng.internal.TestInvoker$MethodInvocationAgent.invoke(TestInvoker.java:824)
at org.testng.internal.TestInvoker.invokeTestMethods(TestInvoker.java:146)
at org.testng.internal.TestMethodWorker.invokeTestMethods(TestMethodWorker.java:146)
at org.testng.internal.TestMethodWorker.run(TestMethodWorker.java:128)
at java.base/java.util.ArrayList.forEach(ArrayList.java:1511)
at org.testng.TestRunner.privateRun(TestRunner.java:794)
at org.testng.TestRunner.run(TestRunner.java:596)
at org.testng.SuiteRunner.runTest(SuiteRunner.java:377)
at org.testng.SuiteRunner.runSequentially(SuiteRunner.java:371)
at org.testng.SuiteRunner.privateRun(SuiteRunner.java:332)
at org.testng.SuiteRunner.run(SuiteRunner.java:276)
at org.testng.SuiteRunnerWorker.runSuite(SuiteRunnerWorker.java:53)
at org.testng.SuiteRunnerWorker.run(SuiteRunnerWorker.java:96)
at org.testng.TestNG.runSuitesSequentially(TestNG.java:1212)
at org.testng.TestNG.runSuitesLocally(TestNG.java:1134)
at org.testng.TestNG.runSuites(TestNG.java:1063)
at org.testng.TestNG.run(TestNG.java:1031)
at org.testng.remote.AbstractRemoteTestNG.run(AbstractRemoteTestNG.java:115)
at org.testng.remote.RemoteTestNG.initAndRun(RemoteTestNG.java:251)
at org.testng.remote.RemoteTestNG.main(RemoteTestNG.java:77)
]]>
    </failure>
  </testcase> <!-- GoToUrlClickMenuBankRulesPositiveSelectConditionFormulaEnterRuleDescClickAccountSelectcodePositiveSelectGetdataOpenBankTrnsfillRRDRBankTrns -->
  <testcase classname="test.ashiv.Rule2_rule2" name="GoToUrlClickMenuBankRulesPositiveSelectConditionFormulaEnterRuleDescClickAccountSelectcodePositiveSelectGetdataOpenBankTrnsfillZRCrBankTrns" time="930.217"/>
  <testcase classname="test.ashiv.Rule2_rule2" name="GoToUrlClickMenuBankRulesPositiveSelectConditionFormulaEnterRuleDescClickAccountSelectcodePositiveSelectGetdataOpenBankTrnsfillZRDRBankTrns" time="828.538"/>
  <testcase classname="test.ashiv.Rule1_rule1" name="GoToUrlClickMenuBankRulesPositiveSelectConditionFormulaEnterRuleDescClickAccountPositiveSelectGetdataOpenBankTrnsfillStdBothBankTrns" time="840.796"/>
  <testcase classname="test.ashiv.Rule1_rule1" name="GoToUrlClickMenuBankRulesPositiveSelectConditionFormulaEnterRuleDescClickAccountPositiveSelectGetdataOpenBankTrnsfillStdCrBankTrns" time="392.432"/>
  <testcase classname="test.ashiv.Rule1_rule1" name="GoToUrlClickMenuBankRulesPositiveSelectConditionFormulaEnterRuleDescClickAccountPositiveSelectGetdataOpenBankTrnsfillStdDRBankTrns" time="383.394"/>
  <testcase classname="test.ashiv.Rule1_rule1" name="GoToUrlClickMenuBankRulesPositiveSelectConditionFormulaEnterRuleDescClickAccountSelectcodePositiveSelectGetdataOpenBankTrnsfillExptBothBankTrns" time="835.62"/>
  <testcase classname="test.ashiv.Rule1_rule1" name="GoToUrlClickMenuBankRulesPositiveSelectConditionFormulaEnterRuleDescClickAccountSelectcodePositiveSelectGetdataOpenBankTrnsfillExptCrBankTrns" time="844.496"/>
  <testcase classname="test.ashiv.Rule1_rule1" name="GoToUrlClickMenuBankRulesPositiveSelectConditionFormulaEnterRuleDescClickAccountSelectcodePositiveSelectGetdataOpenBankTrnsfillExptDrBankTrns" time="834.994"/>
  <testcase classname="test.ashiv.Rule1_rule1" name="GoToUrlClickMenuBankRulesPositiveSelectConditionFormulaEnterRuleDescClickAccountSelectcodePositiveSelectGetdataOpenBankTrnsfillNoVatBothBankTrns" time="843.811"/>
  <testcase classname="test.ashiv.Rule1_rule1" name="GoToUrlClickMenuBankRulesPositiveSelectConditionFormulaEnterRuleDescClickAccountSelectcodePositiveSelectGetdataOpenBankTrnsfillNoVatCrBankTrns" time="822.363"/>
  <testcase classname="test.ashiv.Rule1_rule1" name="GoToUrlClickMenuBankRulesPositiveSelectConditionFormulaEnterRuleDescClickAccountSelectcodePositiveSelectGetdataOpenBankTrnsfillNoVatDRBankTrns" time="828.452"/>
  <testcase classname="test.ashiv.Rule1_rule1" name="GoToUrlClickMenuBankRulesPositiveSelectConditionFormulaEnterRuleDescClickAccountSelectcodePositiveSelectGetdataOpenBankTrnsfillOutsBothBankTrns" time="380.685"/>
  <testcase classname="test.ashiv.Rule1_rule1" name="GoToUrlClickMenuBankRulesPositiveSelectConditionFormulaEnterRuleDescClickAccountSelectcodePositiveSelectGetdataOpenBankTrnsfillOutsDRBankTrns" time="379.0"/>
  <testcase classname="test.ashiv.Rule1_rule1" name="GoToUrlClickMenuBankRulesPositiveSelectConditionFormulaEnterRuleDescClickAccountSelectcodePositiveSelectGetdataOpenBankTrnsfillRRBothBankTrns" time="827.17"/>
  <testcase classname="test.ashiv.Rule1_rule1" name="GoToUrlClickMenuBankRulesPositiveSelectConditionFormulaEnterRuleDescClickAccountSelectcodePositiveSelectGetdataOpenBankTrnsfillRRCrBankTrns" time="824.639"/>
  <testcase classname="test.ashiv.Rule1_rule1" name="GoToUrlClickMenuBankRulesPositiveSelectConditionFormulaEnterRuleDescClickAccountSelectcodePositiveSelectGetdataOpenBankTrnsfillZRBothBankTrns" time="823.956"/>
  <testcase classname="tests.TestBase" name="@AfterSuite closeReporter" time="0.0">
    <ignored/>
  </testcase> <!-- @AfterSuite closeReporter -->
  <testcase classname="tests.TestBase" name="@BeforeSuite allocateData" time="0.0">
    <ignored/>
  </testcase> <!-- @BeforeSuite allocateData -->
  <testcase classname="tests.TestBase" name="@BeforeSuite setupReporter" time="0.0">
    <ignored/>
  </testcase> <!-- @BeforeSuite setupReporter -->
</testsuite> <!-- RunRule_BankUnreconcile -->
