<html>
<head>
<title>TestNG:  SupplierAdvanceReconcileByBank_StandToNoVAT</title>
<link href="../testng.css" rel="stylesheet" type="text/css" />
<link href="../my-testng.css" rel="stylesheet" type="text/css" />

<style type="text/css">
.log { display: none;} 
.stack-trace { display: none;} 
</style>
<script type="text/javascript">
<!--
function flip(e) {
  current = e.style.display;
  if (current == 'block') {
    e.style.display = 'none';
    return 0;
  }
  else {
    e.style.display = 'block';
    return 1;
  }
}

function toggleBox(szDivId, elem, msg1, msg2)
{
  var res = -1;  if (document.getElementById) {
    res = flip(document.getElementById(szDivId));
  }
  else if (document.all) {
    // this is the way old msie versions work
    res = flip(document.all[szDivId]);
  }
  if(elem) {
    if(res == 0) elem.innerHTML = msg1; else elem.innerHTML = msg2;
  }

}

function toggleAllBoxes() {
  if (document.getElementsByTagName) {
    d = document.getElementsByTagName('div');
    for (i = 0; i < d.length; i++) {
      if (d[i].className == 'log') {
        flip(d[i]);
      }
    }
  }
}

// -->
</script>

</head>
<body>
<h2 align='center'>SupplierAdvanceReconcileByBank_StandToNoVAT</h2><table border='1' align="center">
<tr>
<td>Tests passed/Failed/Skipped:</td><td>20/2/0</td>
</tr><tr>
<td>Started on:</td><td>Thu Dec 09 01:22:29 IST 2021</td>
</tr>
<tr><td>Total time:</td><td>1568 seconds (1568743 ms)</td>
</tr><tr>
<td>Included groups:</td><td></td>
</tr><tr>
<td>Excluded groups:</td><td></td>
</tr>
</table><p/>
<small><i>(Hover the method name to see the test class name)</i></small><p/>
<table width='100%' border='1' class='invocation-failed'>
<tr><td colspan='4' align='center'><b>FAILED TESTS</b></td></tr>
<tr><td><b>Test method</b></td>
<td width="30%"><b>Exception</b></td>
<td width="10%"><b>Time (seconds)</b></td>
<td><b>Instance</b></td>
</tr>
<tr>
<td title='AdvanceReconcileByBankForSupplierBillStandToNoVAT.ScriptPostVATReturn1stVATReturnReport_DefaultProfile.GoToUrlAssertUrlPositiveEnterUserNamePositiveEnterPasswordClickLoginButtonGoToUrlAssertUrlCl()'><b>GoToUrlAssertUrlPositiveEnterUserNamePositiveEnterPasswordClickLoginButtonGoToUrlAssertUrlCl</b><br>Test class: AdvanceReconcileByBankForSupplierBillStandToNoVAT.ScriptPostVATReturn1stVATReturnReport_DefaultProfile</td>
<td><div><pre>java.lang.AssertionError: Unable to locate object: By.xpath: //*[@id=&apos;ctl00_ctl00_ParentContent_cPH_rptrDisplayRecords_ctl00_rowCompany&apos;]/td[1]/span
	at org.testng.Assert.fail(Assert.java:99)
	at pages.ClientSelect.Click_SelectClient(ClientSelect.java:162)
	at AdvanceReconcileByBankForSupplierBillStandToNoVAT.ScriptPostVATReturn1stVATReturnReport_DefaultProfile.GoToUrlAssertUrlPositiveEnterUserNamePositiveEnterPasswordClickLoginButtonGoToUrlAssertUrlCl(ScriptPostVATReturn1stVATReturnReport_DefaultProfile.java:111)
	at java.base/jdk.internal.reflect.NativeMethodAccessorImpl.invoke0(Native Method)
	at java.base/jdk.internal.reflect.NativeMethodAccessorImpl.invoke(NativeMethodAccessorImpl.java:64)
	at java.base/jdk.internal.reflect.DelegatingMethodAccessorImpl.invoke(DelegatingMethodAccessorImpl.java:43)
	at java.base/java.lang.reflect.Method.invoke(Method.java:564)
	at org.testng.internal.MethodInvocationHelper.invokeMethod(MethodInvocationHelper.java:133)
	at org.testng.internal.TestInvoker.invokeMethod(TestInvoker.java:598)
	at org.testng.internal.TestInvoker.invokeTestMethod(TestInvoker.java:173)
	at org.testng.internal.MethodRunner.runInSequence(MethodRunner.java:46)
	at org.testng.internal.TestInvoker$MethodInvocationAgent.invoke(TestInvoker.java:824)
	at org.testng.internal.TestInvoker.invokeTestMethods(TestInvoker.java:146)
	at org.testng.internal.TestMethodWorker.invokeTestMethods(TestMethodWorker.java:146)
	at org.testng.internal.TestMethodWorker.run(TestMethodWorker.java:128)
	at java.base/java.util.ArrayList.forEach(ArrayList.java:1511)
	at org.testng.TestRunner.privateRun(TestRunner.java:794)
	at org.testng.TestRunner.run(TestRunner.java:596)
	at org.testng.SuiteRunner.runTest(SuiteRunner.java:377)
	at org.testng.SuiteRunner.runSequentially(SuiteRunner.java:371)
	at org.testng.SuiteRunner.privateRun(SuiteRunner.java:332)
	at org.testng.SuiteRunner.run(SuiteRunner.java:276)
	at org.testng.SuiteRunnerWorker.runSuite(SuiteRunnerWorker.java:53)
	at org.testng.SuiteRunnerWorker.run(SuiteRunnerWorker.java:96)
	at org.testng.TestNG.runSuitesSequentially(TestNG.java:1212)
	at org.testng.TestNG.runSuitesLocally(TestNG.java:1134)
	at org.testng.TestNG.runSuites(TestNG.java:1063)
	at org.testng.TestNG.run(TestNG.java:1031)
	at org.testng.remote.AbstractRemoteTestNG.run(AbstractRemoteTestNG.java:115)
	at org.testng.remote.RemoteTestNG.initAndRun(RemoteTestNG.java:251)
	at org.testng.remote.RemoteTestNG.main(RemoteTestNG.java:77)
</pre></div><a href='#' onClick='toggleBox("stack-trace1364638994", this, "Click to show all stack frames", "Click to hide stack frames")'>Click to show all stack frames</a>
<div class='stack-trace' id='stack-trace1364638994'><pre>java.lang.AssertionError: Unable to locate object: By.xpath: //*[@id=&apos;ctl00_ctl00_ParentContent_cPH_rptrDisplayRecords_ctl00_rowCompany&apos;]/td[1]/span
	at org.testng.Assert.fail(Assert.java:99)
	at pages.ClientSelect.Click_SelectClient(ClientSelect.java:162)
	at AdvanceReconcileByBankForSupplierBillStandToNoVAT.ScriptPostVATReturn1stVATReturnReport_DefaultProfile.GoToUrlAssertUrlPositiveEnterUserNamePositiveEnterPasswordClickLoginButtonGoToUrlAssertUrlCl(ScriptPostVATReturn1stVATReturnReport_DefaultProfile.java:111)
	at java.base/jdk.internal.reflect.NativeMethodAccessorImpl.invoke0(Native Method)
	at java.base/jdk.internal.reflect.NativeMethodAccessorImpl.invoke(NativeMethodAccessorImpl.java:64)
	at java.base/jdk.internal.reflect.DelegatingMethodAccessorImpl.invoke(DelegatingMethodAccessorImpl.java:43)
	at java.base/java.lang.reflect.Method.invoke(Method.java:564)
	at org.testng.internal.MethodInvocationHelper.invokeMethod(MethodInvocationHelper.java:133)
	at org.testng.internal.TestInvoker.invokeMethod(TestInvoker.java:598)
	at org.testng.internal.TestInvoker.invokeTestMethod(TestInvoker.java:173)
	at org.testng.internal.MethodRunner.runInSequence(MethodRunner.java:46)
	at org.testng.internal.TestInvoker$MethodInvocationAgent.invoke(TestInvoker.java:824)
	at org.testng.internal.TestInvoker.invokeTestMethods(TestInvoker.java:146)
	at org.testng.internal.TestMethodWorker.invokeTestMethods(TestMethodWorker.java:146)
	at org.testng.internal.TestMethodWorker.run(TestMethodWorker.java:128)
	at java.base/java.util.ArrayList.forEach(ArrayList.java:1511)
	at org.testng.TestRunner.privateRun(TestRunner.java:794)
	at org.testng.TestRunner.run(TestRunner.java:596)
	at org.testng.SuiteRunner.runTest(SuiteRunner.java:377)
	at org.testng.SuiteRunner.runSequentially(SuiteRunner.java:371)
	at org.testng.SuiteRunner.privateRun(SuiteRunner.java:332)
	at org.testng.SuiteRunner.run(SuiteRunner.java:276)
	at org.testng.SuiteRunnerWorker.runSuite(SuiteRunnerWorker.java:53)
	at org.testng.SuiteRunnerWorker.run(SuiteRunnerWorker.java:96)
	at org.testng.TestNG.runSuitesSequentially(TestNG.java:1212)
	at org.testng.TestNG.runSuitesLocally(TestNG.java:1134)
	at org.testng.TestNG.runSuites(TestNG.java:1063)
	at org.testng.TestNG.run(TestNG.java:1031)
	at org.testng.remote.AbstractRemoteTestNG.run(AbstractRemoteTestNG.java:115)
	at org.testng.remote.RemoteTestNG.initAndRun(RemoteTestNG.java:251)
	at org.testng.remote.RemoteTestNG.main(RemoteTestNG.java:77)
</pre></div></td>
<td>66</td>
<td>AdvanceReconcileByBankForSupplierBillStandToNoVAT.ScriptPostVATReturn1stVATReturnReport_DefaultProfile@2e029d61</td></tr>
<tr>
<td title='AdvanceReconcileByBankForSupplierBillStandToNoVAT.ScriptFlatToFlatP_DefaultProfile.GoToUrlAssertUrlPositiveEnterUserNamePositiveEnterPasswordClickLoginButtonGoToUrlAssertUrlCl1()'><b>GoToUrlAssertUrlPositiveEnterUserNamePositiveEnterPasswordClickLoginButtonGoToUrlAssertUrlCl1</b><br>Test class: AdvanceReconcileByBankForSupplierBillStandToNoVAT.ScriptFlatToFlatP_DefaultProfile</td>
<td><div><pre>java.lang.AssertionError: Unable to locate object: By.xpath: //*[@id=&apos;ctl00_ctl00_ParentContent_cPH_rptrDisplayRecords_ctl00_rowCompany&apos;]/td[1]/span
	at org.testng.Assert.fail(Assert.java:99)
	at pages.ClientSelect.Click_SelectClient(ClientSelect.java:162)
	at AdvanceReconcileByBankForSupplierBillStandToNoVAT.ScriptFlatToFlatP_DefaultProfile.GoToUrlAssertUrlPositiveEnterUserNamePositiveEnterPasswordClickLoginButtonGoToUrlAssertUrlCl1(ScriptFlatToFlatP_DefaultProfile.java:110)
	at java.base/jdk.internal.reflect.NativeMethodAccessorImpl.invoke0(Native Method)
	at java.base/jdk.internal.reflect.NativeMethodAccessorImpl.invoke(NativeMethodAccessorImpl.java:64)
	at java.base/jdk.internal.reflect.DelegatingMethodAccessorImpl.invoke(DelegatingMethodAccessorImpl.java:43)
	at java.base/java.lang.reflect.Method.invoke(Method.java:564)
	at org.testng.internal.MethodInvocationHelper.invokeMethod(MethodInvocationHelper.java:133)
	at org.testng.internal.TestInvoker.invokeMethod(TestInvoker.java:598)
	at org.testng.internal.TestInvoker.invokeTestMethod(TestInvoker.java:173)
	at org.testng.internal.MethodRunner.runInSequence(MethodRunner.java:46)
	at org.testng.internal.TestInvoker$MethodInvocationAgent.invoke(TestInvoker.java:824)
	at org.testng.internal.TestInvoker.invokeTestMethods(TestInvoker.java:146)
	at org.testng.internal.TestMethodWorker.invokeTestMethods(TestMethodWorker.java:146)
	at org.testng.internal.TestMethodWorker.run(TestMethodWorker.java:128)
	at java.base/java.util.ArrayList.forEach(ArrayList.java:1511)
	at org.testng.TestRunner.privateRun(TestRunner.java:794)
	at org.testng.TestRunner.run(TestRunner.java:596)
	at org.testng.SuiteRunner.runTest(SuiteRunner.java:377)
	at org.testng.SuiteRunner.runSequentially(SuiteRunner.java:371)
	at org.testng.SuiteRunner.privateRun(SuiteRunner.java:332)
	at org.testng.SuiteRunner.run(SuiteRunner.java:276)
	at org.testng.SuiteRunnerWorker.runSuite(SuiteRunnerWorker.java:53)
	at org.testng.SuiteRunnerWorker.run(SuiteRunnerWorker.java:96)
	at org.testng.TestNG.runSuitesSequentially(TestNG.java:1212)
	at org.testng.TestNG.runSuitesLocally(TestNG.java:1134)
	at org.testng.TestNG.runSuites(TestNG.java:1063)
	at org.testng.TestNG.run(TestNG.java:1031)
	at org.testng.remote.AbstractRemoteTestNG.run(AbstractRemoteTestNG.java:115)
	at org.testng.remote.RemoteTestNG.initAndRun(RemoteTestNG.java:251)
	at org.testng.remote.RemoteTestNG.main(RemoteTestNG.java:77)
</pre></div><a href='#' onClick='toggleBox("stack-trace2110644388", this, "Click to show all stack frames", "Click to hide stack frames")'>Click to show all stack frames</a>
<div class='stack-trace' id='stack-trace2110644388'><pre>java.lang.AssertionError: Unable to locate object: By.xpath: //*[@id=&apos;ctl00_ctl00_ParentContent_cPH_rptrDisplayRecords_ctl00_rowCompany&apos;]/td[1]/span
	at org.testng.Assert.fail(Assert.java:99)
	at pages.ClientSelect.Click_SelectClient(ClientSelect.java:162)
	at AdvanceReconcileByBankForSupplierBillStandToNoVAT.ScriptFlatToFlatP_DefaultProfile.GoToUrlAssertUrlPositiveEnterUserNamePositiveEnterPasswordClickLoginButtonGoToUrlAssertUrlCl1(ScriptFlatToFlatP_DefaultProfile.java:110)
	at java.base/jdk.internal.reflect.NativeMethodAccessorImpl.invoke0(Native Method)
	at java.base/jdk.internal.reflect.NativeMethodAccessorImpl.invoke(NativeMethodAccessorImpl.java:64)
	at java.base/jdk.internal.reflect.DelegatingMethodAccessorImpl.invoke(DelegatingMethodAccessorImpl.java:43)
	at java.base/java.lang.reflect.Method.invoke(Method.java:564)
	at org.testng.internal.MethodInvocationHelper.invokeMethod(MethodInvocationHelper.java:133)
	at org.testng.internal.TestInvoker.invokeMethod(TestInvoker.java:598)
	at org.testng.internal.TestInvoker.invokeTestMethod(TestInvoker.java:173)
	at org.testng.internal.MethodRunner.runInSequence(MethodRunner.java:46)
	at org.testng.internal.TestInvoker$MethodInvocationAgent.invoke(TestInvoker.java:824)
	at org.testng.internal.TestInvoker.invokeTestMethods(TestInvoker.java:146)
	at org.testng.internal.TestMethodWorker.invokeTestMethods(TestMethodWorker.java:146)
	at org.testng.internal.TestMethodWorker.run(TestMethodWorker.java:128)
	at java.base/java.util.ArrayList.forEach(ArrayList.java:1511)
	at org.testng.TestRunner.privateRun(TestRunner.java:794)
	at org.testng.TestRunner.run(TestRunner.java:596)
	at org.testng.SuiteRunner.runTest(SuiteRunner.java:377)
	at org.testng.SuiteRunner.runSequentially(SuiteRunner.java:371)
	at org.testng.SuiteRunner.privateRun(SuiteRunner.java:332)
	at org.testng.SuiteRunner.run(SuiteRunner.java:276)
	at org.testng.SuiteRunnerWorker.runSuite(SuiteRunnerWorker.java:53)
	at org.testng.SuiteRunnerWorker.run(SuiteRunnerWorker.java:96)
	at org.testng.TestNG.runSuitesSequentially(TestNG.java:1212)
	at org.testng.TestNG.runSuitesLocally(TestNG.java:1134)
	at org.testng.TestNG.runSuites(TestNG.java:1063)
	at org.testng.TestNG.run(TestNG.java:1031)
	at org.testng.remote.AbstractRemoteTestNG.run(AbstractRemoteTestNG.java:115)
	at org.testng.remote.RemoteTestNG.initAndRun(RemoteTestNG.java:251)
	at org.testng.remote.RemoteTestNG.main(RemoteTestNG.java:77)
</pre></div></td>
<td>84</td>
<td>AdvanceReconcileByBankForSupplierBillStandToNoVAT.ScriptFlatToFlatP_DefaultProfile@34a75079</td></tr>
</table><p>
<table width='100%' border='1' class='invocation-passed'>
<tr><td colspan='4' align='center'><b>PASSED TESTS</b></td></tr>
<tr><td><b>Test method</b></td>
<td width="30%"><b>Exception</b></td>
<td width="10%"><b>Time (seconds)</b></td>
<td><b>Instance</b></td>
</tr>
<tr>
<td title='AdvanceReconcileByBankForSupplierBillStandToNoVAT.SaleInToPartialReconcile_VATOnlyBill_DefaultProfile.GoToUrlAssertUrlPositiveEnternLOGINPositiveEnternPASSClickLoginGoToUrlAssertUrlClickAgentsP1()'><b>GoToUrlAssertUrlPositiveEnternLOGINPositiveEnternPASSClickLoginGoToUrlAssertUrlClickAgentsP1</b><br>Test class: AdvanceReconcileByBankForSupplierBillStandToNoVAT.SaleInToPartialReconcile_VATOnlyBill_DefaultProfile</td>
<td></td>
<td>73</td>
<td>AdvanceReconcileByBankForSupplierBillStandToNoVAT.SaleInToPartialReconcile_VATOnlyBill_DefaultProfile@31e3250d</td></tr>
<tr>
<td title='AdvanceReconcileByBankForSupplierBillStandToNoVAT.ScriptPostVATReturn2stVATReturnReport_DefaultProfile.GoToUrlAssertUrlPositiveEnterUserNamePositiveEnterPasswordClickLoginButtonGoToUrlAssertUrlCl()'><b>GoToUrlAssertUrlPositiveEnterUserNamePositiveEnterPasswordClickLoginButtonGoToUrlAssertUrlCl</b><br>Test class: AdvanceReconcileByBankForSupplierBillStandToNoVAT.ScriptPostVATReturn2stVATReturnReport_DefaultProfile</td>
<td></td>
<td>83</td>
<td>AdvanceReconcileByBankForSupplierBillStandToNoVAT.ScriptPostVATReturn2stVATReturnReport_DefaultProfile@acb0951</td></tr>
<tr>
<td title='AdvanceReconcileByBankForSupplierBillStandToNoVAT.SaleInToPartialReconcile_SupplierBill_DefaultProfile.GoToUrlAssertUrlPositiveEnternLOGINPositiveEnternPASSClickLoginGoToUrlAssertUrlClickAgentsP6()'><b>GoToUrlAssertUrlPositiveEnternLOGINPositiveEnternPASSClickLoginGoToUrlAssertUrlClickAgentsP6</b><br>Test class: AdvanceReconcileByBankForSupplierBillStandToNoVAT.SaleInToPartialReconcile_SupplierBill_DefaultProfile</td>
<td></td>
<td>73</td>
<td>AdvanceReconcileByBankForSupplierBillStandToNoVAT.SaleInToPartialReconcile_SupplierBill_DefaultProfile@162be91c</td></tr>
<tr>
<td title='AdvanceReconcileByBankForSupplierBillStandToNoVAT.ScriptPostVATReturn3stVATReturnReport_DefaultProfile.GoToUrlAssertUrlPositiveEnterUserNamePositiveEnterPasswordClickLoginButtonGoToUrlAssertUrlCl()'><b>GoToUrlAssertUrlPositiveEnterUserNamePositiveEnterPasswordClickLoginButtonGoToUrlAssertUrlCl</b><br>Test class: AdvanceReconcileByBankForSupplierBillStandToNoVAT.ScriptPostVATReturn3stVATReturnReport_DefaultProfile</td>
<td></td>
<td>51</td>
<td>AdvanceReconcileByBankForSupplierBillStandToNoVAT.ScriptPostVATReturn3stVATReturnReport_DefaultProfile@62e70ea3</td></tr>
<tr>
<td title='AdvanceReconcileByBankForSupplierBillStandToNoVAT.ScriptVATReturn2stVATReturnReport_SToFRS_DefaultProfile.GoToUrlAssertUrlPositiveEnterUserNamePositiveEnterPasswordClickLoginButtonGoToUrlAssertUrlCl()'><b>GoToUrlAssertUrlPositiveEnterUserNamePositiveEnterPasswordClickLoginButtonGoToUrlAssertUrlCl</b><br>Test class: AdvanceReconcileByBankForSupplierBillStandToNoVAT.ScriptVATReturn2stVATReturnReport_SToFRS_DefaultProfile</td>
<td></td>
<td>67</td>
<td>AdvanceReconcileByBankForSupplierBillStandToNoVAT.ScriptVATReturn2stVATReturnReport_SToFRS_DefaultProfile@6722db6e</td></tr>
<tr>
<td title='AdvanceReconcileByBankForSupplierBillStandToNoVAT.SaleInToPartialReconcile_DebitNote_DefaultProfile.GoToUrlAssertUrlPositiveEnternLOGINPositiveEnternPASSClickLoginGoToUrlAssertUrlClickAgentsP1()'><b>GoToUrlAssertUrlPositiveEnternLOGINPositiveEnternPASSClickLoginGoToUrlAssertUrlClickAgentsP1</b><br>Test class: AdvanceReconcileByBankForSupplierBillStandToNoVAT.SaleInToPartialReconcile_DebitNote_DefaultProfile</td>
<td></td>
<td>77</td>
<td>AdvanceReconcileByBankForSupplierBillStandToNoVAT.SaleInToPartialReconcile_DebitNote_DefaultProfile@7db82169</td></tr>
<tr>
<td title='AdvanceReconcileByBankForSupplierBillStandToNoVAT.SaleInToPartialReconcile_SupplierBill_DefaultProfile.GoToUrlAssertUrlPositiveEnternLOGINPositiveEnternPASSClickLoginGoToUrlAssertUrlClickAgentsP1()'><b>GoToUrlAssertUrlPositiveEnternLOGINPositiveEnternPASSClickLoginGoToUrlAssertUrlClickAgentsP1</b><br>Test class: AdvanceReconcileByBankForSupplierBillStandToNoVAT.SaleInToPartialReconcile_SupplierBill_DefaultProfile</td>
<td></td>
<td>71</td>
<td>AdvanceReconcileByBankForSupplierBillStandToNoVAT.SaleInToPartialReconcile_SupplierBill_DefaultProfile@162be91c</td></tr>
<tr>
<td title='AdvanceReconcileByBankForSupplierBillStandToNoVAT.ScriptVATReturn3stVATReturnReport_SToFRS_DefaultProfile.GoToUrlAssertUrlPositiveEnterUserNamePositiveEnterPasswordClickLoginButtonGoToUrlAssertUrlCl()'><b>GoToUrlAssertUrlPositiveEnterUserNamePositiveEnterPasswordClickLoginButtonGoToUrlAssertUrlCl</b><br>Test class: AdvanceReconcileByBankForSupplierBillStandToNoVAT.ScriptVATReturn3stVATReturnReport_SToFRS_DefaultProfile</td>
<td></td>
<td>46</td>
<td>AdvanceReconcileByBankForSupplierBillStandToNoVAT.ScriptVATReturn3stVATReturnReport_SToFRS_DefaultProfile@3a94964</td></tr>
<tr>
<td title='AdvanceReconcileByBankForSupplierBillStandToNoVAT.SaleInToPartialReconcile_SupplierBill_DefaultProfile.GoToUrlAssertUrlPositiveEnternLOGINPositiveEnternPASSClickLoginGoToUrlAssertUrlClickAgentsP5()'><b>GoToUrlAssertUrlPositiveEnternLOGINPositiveEnternPASSClickLoginGoToUrlAssertUrlClickAgentsP5</b><br>Test class: AdvanceReconcileByBankForSupplierBillStandToNoVAT.SaleInToPartialReconcile_SupplierBill_DefaultProfile</td>
<td></td>
<td>69</td>
<td>AdvanceReconcileByBankForSupplierBillStandToNoVAT.SaleInToPartialReconcile_SupplierBill_DefaultProfile@162be91c</td></tr>
<tr>
<td title='AdvanceReconcileByBankForSupplierBillStandToNoVAT.SaleInToPartialReconcile_DebitNote_DefaultProfile.GoToUrlAssertUrlPositiveEnternLOGINPositiveEnternPASSClickLoginGoToUrlAssertUrlClickAgentsP6()'><b>GoToUrlAssertUrlPositiveEnternLOGINPositiveEnternPASSClickLoginGoToUrlAssertUrlClickAgentsP6</b><br>Test class: AdvanceReconcileByBankForSupplierBillStandToNoVAT.SaleInToPartialReconcile_DebitNote_DefaultProfile</td>
<td></td>
<td>71</td>
<td>AdvanceReconcileByBankForSupplierBillStandToNoVAT.SaleInToPartialReconcile_DebitNote_DefaultProfile@7db82169</td></tr>
<tr>
<td title='AdvanceReconcileByBankForSupplierBillStandToNoVAT.SaleInToPartialReconcile_SupplierBill_DefaultProfile.GoToUrlAssertUrlPositiveEnternLOGINPositiveEnternPASSClickLoginGoToUrlAssertUrlClickAgentsP4()'><b>GoToUrlAssertUrlPositiveEnternLOGINPositiveEnternPASSClickLoginGoToUrlAssertUrlClickAgentsP4</b><br>Test class: AdvanceReconcileByBankForSupplierBillStandToNoVAT.SaleInToPartialReconcile_SupplierBill_DefaultProfile</td>
<td></td>
<td>73</td>
<td>AdvanceReconcileByBankForSupplierBillStandToNoVAT.SaleInToPartialReconcile_SupplierBill_DefaultProfile@162be91c</td></tr>
<tr>
<td title='AdvanceReconcileByBankForSupplierBillStandToNoVAT.SaleInToPartialReconcile_DebitNote_DefaultProfile.GoToUrlAssertUrlPositiveEnternLOGINPositiveEnternPASSClickLoginGoToUrlAssertUrlClickAgentsP3()'><b>GoToUrlAssertUrlPositiveEnternLOGINPositiveEnternPASSClickLoginGoToUrlAssertUrlClickAgentsP3</b><br>Test class: AdvanceReconcileByBankForSupplierBillStandToNoVAT.SaleInToPartialReconcile_DebitNote_DefaultProfile</td>
<td></td>
<td>74</td>
<td>AdvanceReconcileByBankForSupplierBillStandToNoVAT.SaleInToPartialReconcile_DebitNote_DefaultProfile@7db82169</td></tr>
<tr>
<td title='AdvanceReconcileByBankForSupplierBillStandToNoVAT.SaleInToPartialReconcile_VATOnlyBill_DefaultProfile.GoToUrlAssertUrlPositiveEnternLOGINPositiveEnternPASSClickLoginGoToUrlAssertUrlClickAgentsP2()'><b>GoToUrlAssertUrlPositiveEnternLOGINPositiveEnternPASSClickLoginGoToUrlAssertUrlClickAgentsP2</b><br>Test class: AdvanceReconcileByBankForSupplierBillStandToNoVAT.SaleInToPartialReconcile_VATOnlyBill_DefaultProfile</td>
<td></td>
<td>69</td>
<td>AdvanceReconcileByBankForSupplierBillStandToNoVAT.SaleInToPartialReconcile_VATOnlyBill_DefaultProfile@31e3250d</td></tr>
<tr>
<td title='AdvanceReconcileByBankForSupplierBillStandToNoVAT.SaleInToPartialReconcile_SupplierBill_DefaultProfile.GoToUrlAssertUrlPositiveEnternLOGINPositiveEnternPASSClickLoginGoToUrlAssertUrlClickAgentsP2()'><b>GoToUrlAssertUrlPositiveEnternLOGINPositiveEnternPASSClickLoginGoToUrlAssertUrlClickAgentsP2</b><br>Test class: AdvanceReconcileByBankForSupplierBillStandToNoVAT.SaleInToPartialReconcile_SupplierBill_DefaultProfile</td>
<td></td>
<td>74</td>
<td>AdvanceReconcileByBankForSupplierBillStandToNoVAT.SaleInToPartialReconcile_SupplierBill_DefaultProfile@162be91c</td></tr>
<tr>
<td title='AdvanceReconcileByBankForSupplierBillStandToNoVAT.SaleInToPartialReconcile_DebitNote_DefaultProfile.GoToUrlAssertUrlPositiveEnternLOGINPositiveEnternPASSClickLoginGoToUrlAssertUrlClickAgentsP5()'><b>GoToUrlAssertUrlPositiveEnternLOGINPositiveEnternPASSClickLoginGoToUrlAssertUrlClickAgentsP5</b><br>Test class: AdvanceReconcileByBankForSupplierBillStandToNoVAT.SaleInToPartialReconcile_DebitNote_DefaultProfile</td>
<td></td>
<td>72</td>
<td>AdvanceReconcileByBankForSupplierBillStandToNoVAT.SaleInToPartialReconcile_DebitNote_DefaultProfile@7db82169</td></tr>
<tr>
<td title='AdvanceReconcileByBankForSupplierBillStandToNoVAT.ScriptEditVATFlatP_DefaultProfile.GoToUrlAssertUrlPositiveEnterUserNamePositiveEnterPasswordClickLoginButtonGoToUrlAssertUrlCl3()'><b>GoToUrlAssertUrlPositiveEnterUserNamePositiveEnterPasswordClickLoginButtonGoToUrlAssertUrlCl3</b><br>Test class: AdvanceReconcileByBankForSupplierBillStandToNoVAT.ScriptEditVATFlatP_DefaultProfile</td>
<td></td>
<td>51</td>
<td>AdvanceReconcileByBankForSupplierBillStandToNoVAT.ScriptEditVATFlatP_DefaultProfile@1991f767</td></tr>
<tr>
<td title='AdvanceReconcileByBankForSupplierBillStandToNoVAT.SaleInToPartialReconcile_DebitNote_DefaultProfile.GoToUrlAssertUrlPositiveEnternLOGINPositiveEnternPASSClickLoginGoToUrlAssertUrlClickAgentsP2()'><b>GoToUrlAssertUrlPositiveEnternLOGINPositiveEnternPASSClickLoginGoToUrlAssertUrlClickAgentsP2</b><br>Test class: AdvanceReconcileByBankForSupplierBillStandToNoVAT.SaleInToPartialReconcile_DebitNote_DefaultProfile</td>
<td></td>
<td>72</td>
<td>AdvanceReconcileByBankForSupplierBillStandToNoVAT.SaleInToPartialReconcile_DebitNote_DefaultProfile@7db82169</td></tr>
<tr>
<td title='AdvanceReconcileByBankForSupplierBillStandToNoVAT.ScriptVATReturn1stVATReturnReport_SToFRS_DefaultProfile.GoToUrlAssertUrlPositiveEnterUserNamePositiveEnterPasswordClickLoginButtonGoToUrlAssertUrlCl()'><b>GoToUrlAssertUrlPositiveEnterUserNamePositiveEnterPasswordClickLoginButtonGoToUrlAssertUrlCl</b><br>Test class: AdvanceReconcileByBankForSupplierBillStandToNoVAT.ScriptVATReturn1stVATReturnReport_SToFRS_DefaultProfile</td>
<td></td>
<td>49</td>
<td>AdvanceReconcileByBankForSupplierBillStandToNoVAT.ScriptVATReturn1stVATReturnReport_SToFRS_DefaultProfile@18245eb0</td></tr>
<tr>
<td title='AdvanceReconcileByBankForSupplierBillStandToNoVAT.SaleInToPartialReconcile_DebitNote_DefaultProfile.GoToUrlAssertUrlPositiveEnternLOGINPositiveEnternPASSClickLoginGoToUrlAssertUrlClickAgentsP4()'><b>GoToUrlAssertUrlPositiveEnternLOGINPositiveEnternPASSClickLoginGoToUrlAssertUrlClickAgentsP4</b><br>Test class: AdvanceReconcileByBankForSupplierBillStandToNoVAT.SaleInToPartialReconcile_DebitNote_DefaultProfile</td>
<td></td>
<td>72</td>
<td>AdvanceReconcileByBankForSupplierBillStandToNoVAT.SaleInToPartialReconcile_DebitNote_DefaultProfile@7db82169</td></tr>
<tr>
<td title='AdvanceReconcileByBankForSupplierBillStandToNoVAT.SaleInToPartialReconcile_SupplierBill_DefaultProfile.GoToUrlAssertUrlPositiveEnternLOGINPositiveEnternPASSClickLoginGoToUrlAssertUrlClickAgentsP3()'><b>GoToUrlAssertUrlPositiveEnternLOGINPositiveEnternPASSClickLoginGoToUrlAssertUrlClickAgentsP3</b><br>Test class: AdvanceReconcileByBankForSupplierBillStandToNoVAT.SaleInToPartialReconcile_SupplierBill_DefaultProfile</td>
<td></td>
<td>73</td>
<td>AdvanceReconcileByBankForSupplierBillStandToNoVAT.SaleInToPartialReconcile_SupplierBill_DefaultProfile@162be91c</td></tr>
</table><p>
</body>
</html>