<html>
<head>
<title>TestNG:  Test_Add_LLP</title>
<link href="../testng.css" rel="stylesheet" type="text/css" />
<link href="../my-testng.css" rel="stylesheet" type="text/css" />

<style type="text/css">
.log { display: none;} 
.stack-trace { display: none;} 
</style>
<script type="text/javascript">
<!--
function flip(e) {
  current = e.style.display;
  if (current == 'block') {
    e.style.display = 'none';
    return 0;
  }
  else {
    e.style.display = 'block';
    return 1;
  }
}

function toggleBox(szDivId, elem, msg1, msg2)
{
  var res = -1;  if (document.getElementById) {
    res = flip(document.getElementById(szDivId));
  }
  else if (document.all) {
    // this is the way old msie versions work
    res = flip(document.all[szDivId]);
  }
  if(elem) {
    if(res == 0) elem.innerHTML = msg1; else elem.innerHTML = msg2;
  }

}

function toggleAllBoxes() {
  if (document.getElementsByTagName) {
    d = document.getElementsByTagName('div');
    for (i = 0; i < d.length; i++) {
      if (d[i].className == 'log') {
        flip(d[i]);
      }
    }
  }
}

// -->
</script>

</head>
<body>
<h2 align='center'>Test_Add_LLP</h2><table border='1' align="center">
<tr>
<td>Tests passed/Failed/Skipped:</td><td>17/1/0</td>
</tr><tr>
<td>Started on:</td><td>Fri Feb 18 22:26:27 IST 2022</td>
</tr>
<tr><td>Total time:</td><td>524 seconds (524856 ms)</td>
</tr><tr>
<td>Included groups:</td><td></td>
</tr><tr>
<td>Excluded groups:</td><td></td>
</tr>
</table><p/>
<small><i>(Hover the method name to see the test class name)</i></small><p/>
<table width='100%' border='1' class='invocation-failed'>
<tr><td colspan='4' align='center'><b>FAILED TESTS</b></td></tr>
<tr><td><b>Test method</b></td>
<td width="30%"><b>Exception</b></td>
<td width="10%"><b>Time (seconds)</b></td>
<td><b>Instance</b></td>
</tr>
<tr>
<td title='Test_Add_LLP.Test_LLP_ADD_ALLTC.Click_Client_ClickAddClient_BusinessShouldBeSavedAndDisplayUnderTheBusineessList_TC09()'><b>Click_Client_ClickAddClient_BusinessShouldBeSavedAndDisplayUnderTheBusineessList_TC09</b><br>Test class: Test_Add_LLP.Test_LLP_ADD_ALLTC</td>
<td><div><pre>org.openqa.selenium.NoSuchElementException: no such element: Unable to locate element: {&quot;method&quot;:&quot;xpath&quot;,&quot;selector&quot;:&quot;//*[@id=&apos;ctl00_ctl00_ParentContent_cpHeaderRight_btnAdd&apos;]&quot;}
  (Session info: chrome=98.0.4758.82)
For documentation on this error, please visit: https://www.seleniumhq.org/exceptions/no_such_element.html
Build info: version: &apos;3.141.59&apos;, revision: &apos;e82be7d358&apos;, time: &apos;2018-11-14T08:25:48&apos;
System info: host: &apos;OB-SUM&apos;, ip: &apos;192.168.1.14&apos;, os.name: &apos;Windows 10&apos;, os.arch: &apos;amd64&apos;, os.version: &apos;10.0&apos;, java.version: &apos;15.0.1&apos;
Driver info: org.openqa.selenium.chrome.ChromeDriver
Capabilities {acceptInsecureCerts: false, browserName: chrome, browserVersion: 98.0.4758.82, chrome: {chromedriverVersion: 98.0.4758.80 (7f0488e8ba0d8..., userDataDir: C:\Users\Poonam\AppData\Loc...}, goog:chromeOptions: {debuggerAddress: localhost:52195}, javascriptEnabled: true, networkConnectionEnabled: false, pageLoadStrategy: normal, platform: WINDOWS, platformName: WINDOWS, proxy: Proxy(), setWindowRect: true, strictFileInteractability: false, timeouts: {implicit: 0, pageLoad: 300000, script: 30000}, unhandledPromptBehavior: dismiss and notify, webauthn:extension:credBlob: true, webauthn:extension:largeBlob: true, webauthn:virtualAuthenticators: true}
Session ID: 237af2a14f617bed29fc7d418cfd1173
*** Element info: {Using=xpath, value=//*[@id=&apos;ctl00_ctl00_ParentContent_cpHeaderRight_btnAdd&apos;]}
	at jdk.internal.reflect.GeneratedConstructorAccessor68.newInstance(Unknown Source)
	at java.base/jdk.internal.reflect.DelegatingConstructorAccessorImpl.newInstance(DelegatingConstructorAccessorImpl.java:45)
	at java.base/java.lang.reflect.Constructor.newInstanceWithCaller(Constructor.java:500)
	at java.base/java.lang.reflect.Constructor.newInstance(Constructor.java:481)
	at org.openqa.selenium.remote.http.W3CHttpResponseCodec.createException(W3CHttpResponseCodec.java:187)
	at org.openqa.selenium.remote.http.W3CHttpResponseCodec.decode(W3CHttpResponseCodec.java:122)
	at org.openqa.selenium.remote.http.W3CHttpResponseCodec.decode(W3CHttpResponseCodec.java:49)
	at org.openqa.selenium.remote.HttpCommandExecutor.execute(HttpCommandExecutor.java:158)
	at org.openqa.selenium.remote.service.DriverCommandExecutor.execute(DriverCommandExecutor.java:83)
	at org.openqa.selenium.remote.RemoteWebDriver.execute(RemoteWebDriver.java:552)
	at org.openqa.selenium.remote.RemoteWebDriver.findElement(RemoteWebDriver.java:323)
	at org.openqa.selenium.remote.RemoteWebDriver.findElementByXPath(RemoteWebDriver.java:428)
	at org.openqa.selenium.By$ByXPath.findElement(By.java:353)
	at org.openqa.selenium.remote.RemoteWebDriver.findElement(RemoteWebDriver.java:315)
	at Pages_LLP.LLPManual.AddClient(LLPManual.java:456)
	at Test_Add_LLP.Test_LLP_ADD_ALLTC.Click_Client_ClickAddClient_BusinessShouldBeSavedAndDisplayUnderTheBusineessList_TC09(Test_LLP_ADD_ALLTC.java:822)
	at java.base/jdk.internal.reflect.NativeMethodAccessorImpl.invoke0(Native Method)
	at java.base/jdk.internal.reflect.NativeMethodAccessorImpl.invoke(NativeMethodAccessorImpl.java:64)
	at java.base/jdk.internal.reflect.DelegatingMethodAccessorImpl.invoke(DelegatingMethodAccessorImpl.java:43)
	at java.base/java.lang.reflect.Method.invoke(Method.java:564)
	at org.testng.internal.MethodInvocationHelper.invokeMethod(MethodInvocationHelper.java:133)
	at org.testng.internal.TestInvoker.invokeMethod(TestInvoker.java:598)
	at org.testng.internal.TestInvoker.invokeTestMethod(TestInvoker.java:173)
	at org.testng.internal.MethodRunner.runInSequence(MethodRunner.java:46)
	at org.testng.internal.TestInvoker$MethodInvocationAgent.invoke(TestInvoker.java:824)
	at org.testng.internal.TestInvoker.invokeTestMethods(TestInvoker.java:146)
	at org.testng.internal.TestMethodWorker.invokeTestMethods(TestMethodWorker.java:146)
	at org.testng.internal.TestMethodWorker.run(TestMethodWorker.java:128)
	at java.base/java.util.ArrayList.forEach(ArrayList.java:1511)
	at org.testng.TestRunner.privateRun(TestRunner.java:794)
	at org.testng.TestRunner.run(TestRunner.java:596)
	at org.testng.SuiteRunner.runTest(SuiteRunner.java:377)
	at org.testng.SuiteRunner.runSequentially(SuiteRunner.java:371)
	at org.testng.SuiteRunner.privateRun(SuiteRunner.java:332)
	at org.testng.SuiteRunner.run(SuiteRunner.java:276)
	at org.testng.SuiteRunnerWorker.runSuite(SuiteRunnerWorker.java:53)
	at org.testng.SuiteRunnerWorker.run(SuiteRunnerWorker.java:96)
	at org.testng.TestNG.runSuitesSequentially(TestNG.java:1212)
	at org.testng.TestNG.runSuitesLocally(TestNG.java:1134)
	at org.testng.TestNG.runSuites(TestNG.java:1063)
	at org.testng.TestNG.run(TestNG.java:1031)
	at org.testng.remote.AbstractRemoteTestNG.run(AbstractRemoteTestNG.java:115)
	at org.testng.remote.RemoteTestNG.initAndRun(RemoteTestNG.java:251)
	at org.testng.remote.RemoteTestNG.main(RemoteTestNG.java:77)
</pre></div><a href='#' onClick='toggleBox("stack-trace1354256459", this, "Click to show all stack frames", "Click to hide stack frames")'>Click to show all stack frames</a>
<div class='stack-trace' id='stack-trace1354256459'><pre>org.openqa.selenium.NoSuchElementException: no such element: Unable to locate element: {&quot;method&quot;:&quot;xpath&quot;,&quot;selector&quot;:&quot;//*[@id=&apos;ctl00_ctl00_ParentContent_cpHeaderRight_btnAdd&apos;]&quot;}
  (Session info: chrome=98.0.4758.82)
For documentation on this error, please visit: https://www.seleniumhq.org/exceptions/no_such_element.html
Build info: version: &apos;3.141.59&apos;, revision: &apos;e82be7d358&apos;, time: &apos;2018-11-14T08:25:48&apos;
System info: host: &apos;OB-SUM&apos;, ip: &apos;192.168.1.14&apos;, os.name: &apos;Windows 10&apos;, os.arch: &apos;amd64&apos;, os.version: &apos;10.0&apos;, java.version: &apos;15.0.1&apos;
Driver info: org.openqa.selenium.chrome.ChromeDriver
Capabilities {acceptInsecureCerts: false, browserName: chrome, browserVersion: 98.0.4758.82, chrome: {chromedriverVersion: 98.0.4758.80 (7f0488e8ba0d8..., userDataDir: C:\Users\Poonam\AppData\Loc...}, goog:chromeOptions: {debuggerAddress: localhost:52195}, javascriptEnabled: true, networkConnectionEnabled: false, pageLoadStrategy: normal, platform: WINDOWS, platformName: WINDOWS, proxy: Proxy(), setWindowRect: true, strictFileInteractability: false, timeouts: {implicit: 0, pageLoad: 300000, script: 30000}, unhandledPromptBehavior: dismiss and notify, webauthn:extension:credBlob: true, webauthn:extension:largeBlob: true, webauthn:virtualAuthenticators: true}
Session ID: 237af2a14f617bed29fc7d418cfd1173
*** Element info: {Using=xpath, value=//*[@id=&apos;ctl00_ctl00_ParentContent_cpHeaderRight_btnAdd&apos;]}
	at jdk.internal.reflect.GeneratedConstructorAccessor68.newInstance(Unknown Source)
	at java.base/jdk.internal.reflect.DelegatingConstructorAccessorImpl.newInstance(DelegatingConstructorAccessorImpl.java:45)
	at java.base/java.lang.reflect.Constructor.newInstanceWithCaller(Constructor.java:500)
	at java.base/java.lang.reflect.Constructor.newInstance(Constructor.java:481)
	at org.openqa.selenium.remote.http.W3CHttpResponseCodec.createException(W3CHttpResponseCodec.java:187)
	at org.openqa.selenium.remote.http.W3CHttpResponseCodec.decode(W3CHttpResponseCodec.java:122)
	at org.openqa.selenium.remote.http.W3CHttpResponseCodec.decode(W3CHttpResponseCodec.java:49)
	at org.openqa.selenium.remote.HttpCommandExecutor.execute(HttpCommandExecutor.java:158)
	at org.openqa.selenium.remote.service.DriverCommandExecutor.execute(DriverCommandExecutor.java:83)
	at org.openqa.selenium.remote.RemoteWebDriver.execute(RemoteWebDriver.java:552)
	at org.openqa.selenium.remote.RemoteWebDriver.findElement(RemoteWebDriver.java:323)
	at org.openqa.selenium.remote.RemoteWebDriver.findElementByXPath(RemoteWebDriver.java:428)
	at org.openqa.selenium.By$ByXPath.findElement(By.java:353)
	at org.openqa.selenium.remote.RemoteWebDriver.findElement(RemoteWebDriver.java:315)
	at Pages_LLP.LLPManual.AddClient(LLPManual.java:456)
	at Test_Add_LLP.Test_LLP_ADD_ALLTC.Click_Client_ClickAddClient_BusinessShouldBeSavedAndDisplayUnderTheBusineessList_TC09(Test_LLP_ADD_ALLTC.java:822)
	at java.base/jdk.internal.reflect.NativeMethodAccessorImpl.invoke0(Native Method)
	at java.base/jdk.internal.reflect.NativeMethodAccessorImpl.invoke(NativeMethodAccessorImpl.java:64)
	at java.base/jdk.internal.reflect.DelegatingMethodAccessorImpl.invoke(DelegatingMethodAccessorImpl.java:43)
	at java.base/java.lang.reflect.Method.invoke(Method.java:564)
	at org.testng.internal.MethodInvocationHelper.invokeMethod(MethodInvocationHelper.java:133)
	at org.testng.internal.TestInvoker.invokeMethod(TestInvoker.java:598)
	at org.testng.internal.TestInvoker.invokeTestMethod(TestInvoker.java:173)
	at org.testng.internal.MethodRunner.runInSequence(MethodRunner.java:46)
	at org.testng.internal.TestInvoker$MethodInvocationAgent.invoke(TestInvoker.java:824)
	at org.testng.internal.TestInvoker.invokeTestMethods(TestInvoker.java:146)
	at org.testng.internal.TestMethodWorker.invokeTestMethods(TestMethodWorker.java:146)
	at org.testng.internal.TestMethodWorker.run(TestMethodWorker.java:128)
	at java.base/java.util.ArrayList.forEach(ArrayList.java:1511)
	at org.testng.TestRunner.privateRun(TestRunner.java:794)
	at org.testng.TestRunner.run(TestRunner.java:596)
	at org.testng.SuiteRunner.runTest(SuiteRunner.java:377)
	at org.testng.SuiteRunner.runSequentially(SuiteRunner.java:371)
	at org.testng.SuiteRunner.privateRun(SuiteRunner.java:332)
	at org.testng.SuiteRunner.run(SuiteRunner.java:276)
	at org.testng.SuiteRunnerWorker.runSuite(SuiteRunnerWorker.java:53)
	at org.testng.SuiteRunnerWorker.run(SuiteRunnerWorker.java:96)
	at org.testng.TestNG.runSuitesSequentially(TestNG.java:1212)
	at org.testng.TestNG.runSuitesLocally(TestNG.java:1134)
	at org.testng.TestNG.runSuites(TestNG.java:1063)
	at org.testng.TestNG.run(TestNG.java:1031)
	at org.testng.remote.AbstractRemoteTestNG.run(AbstractRemoteTestNG.java:115)
	at org.testng.remote.RemoteTestNG.initAndRun(RemoteTestNG.java:251)
	at org.testng.remote.RemoteTestNG.main(RemoteTestNG.java:77)
</pre></div></td>
<td>20</td>
<td>Test_Add_LLP.Test_LLP_ADD_ALLTC@4baf352a</td></tr>
</table><p>
<table width='100%' border='1' class='invocation-passed'>
<tr><td colspan='4' align='center'><b>PASSED TESTS</b></td></tr>
<tr><td><b>Test method</b></td>
<td width="30%"><b>Exception</b></td>
<td width="10%"><b>Time (seconds)</b></td>
<td><b>Instance</b></td>
</tr>
<tr>
<td title='Test_Add_LLP.Test_LLP_ADD_ALLTC.Direction_Name_is_Not_Provided_TC017()'><b>Direction_Name_is_Not_Provided_TC017</b><br>Test class: Test_Add_LLP.Test_LLP_ADD_ALLTC</td>
<td></td>
<td>30</td>
<td>Test_Add_LLP.Test_LLP_ADD_ALLTC@4baf352a</td></tr>
<tr>
<td title='Test_Add_LLP.Test_LLP_ADD_ALLTC.BusinessShouldBeSavedAndDisplayUnderTheBusineessList_Create_Payroll_Profile_TC014()'><b>BusinessShouldBeSavedAndDisplayUnderTheBusineessList_Create_Payroll_Profile_TC014</b><br>Test class: Test_Add_LLP.Test_LLP_ADD_ALLTC</td>
<td></td>
<td>35</td>
<td>Test_Add_LLP.Test_LLP_ADD_ALLTC@4baf352a</td></tr>
<tr>
<td title='Test_Add_LLP.Test_LLP_ADD_ALLTC.Click_Client_ClickAddClient_Add_Limited_Liability_Screen_TC08()'><b>Click_Client_ClickAddClient_Add_Limited_Liability_Screen_TC08</b><br>Test class: Test_Add_LLP.Test_LLP_ADD_ALLTC</td>
<td></td>
<td>19</td>
<td>Test_Add_LLP.Test_LLP_ADD_ALLTC@4baf352a</td></tr>
<tr>
<td title='Test_Add_LLP.Test_LLP_ADD_ALLTC.HomeSearchlistWillDisplayAsPerTheSearchCriteriaOnASamePageAndAddCompanyPopupWillBeShownRegardingTheBusinessInformation_TC06()'><b>HomeSearchlistWillDisplayAsPerTheSearchCriteriaOnASamePageAndAddCompanyPopupWillBeShownRegardingTheBusinessInformation_TC06</b><br>Test class: Test_Add_LLP.Test_LLP_ADD_ALLTC</td>
<td></td>
<td>30</td>
<td>Test_Add_LLP.Test_LLP_ADD_ALLTC@4baf352a</td></tr>
<tr>
<td title='Test_Add_LLP.Test_LLP_ADD_ALLTC.Limited_liability_partnership_Company_ShouldbeVisibleOnScreen_TC01()'><b>Limited_liability_partnership_Company_ShouldbeVisibleOnScreen_TC01</b><br>Test class: Test_Add_LLP.Test_LLP_ADD_ALLTC</td>
<td></td>
<td>25</td>
<td>Test_Add_LLP.Test_LLP_ADD_ALLTC@4baf352a</td></tr>
<tr>
<td title='Test_Add_LLP.Test_LLP_ADD_ALLTC.BusinessShouldBeSavedAndDisplayUnderTheBusineessList_TC03()'><b>BusinessShouldBeSavedAndDisplayUnderTheBusineessList_TC03</b><br>Test class: Test_Add_LLP.Test_LLP_ADD_ALLTC</td>
<td></td>
<td>35</td>
<td>Test_Add_LLP.Test_LLP_ADD_ALLTC@4baf352a</td></tr>
<tr>
<td title='Test_Add_LLP.Test_LLP_ADD_ALLTC.Registration_Number_Exceed_than_8_charTC016()'><b>Registration_Number_Exceed_than_8_charTC016</b><br>Test class: Test_Add_LLP.Test_LLP_ADD_ALLTC</td>
<td></td>
<td>29</td>
<td>Test_Add_LLP.Test_LLP_ADD_ALLTC@4baf352a</td></tr>
<tr>
<td title='Test_Add_LLP.Test_LLP_ADD_ALLTC.Add_Limited_Liability_Screen_TC02()'><b>Add_Limited_Liability_Screen_TC02</b><br>Test class: Test_Add_LLP.Test_LLP_ADD_ALLTC</td>
<td></td>
<td>26</td>
<td>Test_Add_LLP.Test_LLP_ADD_ALLTC@4baf352a</td></tr>
<tr>
<td title='Test_Add_LLP.Test_LLP_ADD_ALLTC.Payrol_check_box_ticked_TC017()'><b>Payrol_check_box_ticked_TC017</b><br>Test class: Test_Add_LLP.Test_LLP_ADD_ALLTC</td>
<td></td>
<td>34</td>
<td>Test_Add_LLP.Test_LLP_ADD_ALLTC@4baf352a</td></tr>
<tr>
<td title='Test_Add_LLP.Test_LLP_ADD_ALLTC.Click_Client_ClickAddClient_HomeSearchlistWillDisplayAsPerTheSearchCriteriaOnASamePageAndAddCompanyPopupWillBeShownRegardingTheBusinessInformation_TC012()'><b>Click_Client_ClickAddClient_HomeSearchlistWillDisplayAsPerTheSearchCriteriaOnASamePageAndAddCompanyPopupWillBeShownRegardingTheBusinessInformation_TC012</b><br>Test class: Test_Add_LLP.Test_LLP_ADD_ALLTC</td>
<td></td>
<td>24</td>
<td>Test_Add_LLP.Test_LLP_ADD_ALLTC@4baf352a</td></tr>
<tr>
<td title='Test_Add_LLP.Test_LLP_ADD_ALLTC.HomeSearchlistWillDisplayAsPerTheSearchCriteriaOnASamePage_TC04()'><b>HomeSearchlistWillDisplayAsPerTheSearchCriteriaOnASamePage_TC04</b><br>Test class: Test_Add_LLP.Test_LLP_ADD_ALLTC</td>
<td></td>
<td>27</td>
<td>Test_Add_LLP.Test_LLP_ADD_ALLTC@4baf352a</td></tr>
<tr>
<td title='Test_Add_LLP.Test_LLP_ADD_ALLTC.Click_Client_ClickAddClient_HomeSearchlistWillDisplayAsPerTheSearchCriteriaOnASamePage_TC010()'><b>Click_Client_ClickAddClient_HomeSearchlistWillDisplayAsPerTheSearchCriteriaOnASamePage_TC010</b><br>Test class: Test_Add_LLP.Test_LLP_ADD_ALLTC</td>
<td></td>
<td>20</td>
<td>Test_Add_LLP.Test_LLP_ADD_ALLTC@4baf352a</td></tr>
<tr>
<td title='Test_Add_LLP.Test_LLP_ADD_ALLTC.LLP_Upload_Csv_TC05()'><b>LLP_Upload_Csv_TC05</b><br>Test class: Test_Add_LLP.Test_LLP_ADD_ALLTC</td>
<td></td>
<td>34</td>
<td>Test_Add_LLP.Test_LLP_ADD_ALLTC@4baf352a</td></tr>
<tr>
<td title='Test_Add_LLP.Test_LLP_ADD_ALLTC.Entering_wrong_date_formatTC015()'><b>Entering_wrong_date_formatTC015</b><br>Test class: Test_Add_LLP.Test_LLP_ADD_ALLTC</td>
<td></td>
<td>30</td>
<td>Test_Add_LLP.Test_LLP_ADD_ALLTC@4baf352a</td></tr>
<tr>
<td title='Test_Add_LLP.Test_LLP_ADD_ALLTC.Click_Client_ClickAddClient_Click_BackBtn__TC013()'><b>Click_Client_ClickAddClient_Click_BackBtn__TC013</b><br>Test class: Test_Add_LLP.Test_LLP_ADD_ALLTC</td>
<td></td>
<td>20</td>
<td>Test_Add_LLP.Test_LLP_ADD_ALLTC@4baf352a</td></tr>
<tr>
<td title='Test_Add_LLP.Test_LLP_ADD_ALLTC.Click_Client_ClickAddClient_Limited_liability_partnership_Company_ShouldbeVisibleOnScreen_TC07()'><b>Click_Client_ClickAddClient_Limited_liability_partnership_Company_ShouldbeVisibleOnScreen_TC07</b><br>Test class: Test_Add_LLP.Test_LLP_ADD_ALLTC</td>
<td></td>
<td>18</td>
<td>Test_Add_LLP.Test_LLP_ADD_ALLTC@4baf352a</td></tr>
<tr>
<td title='Test_Add_LLP.Test_LLP_ADD_ALLTC.Click_Client_ClickAddClient_Upload_Csv_TC011()'><b>Click_Client_ClickAddClient_Upload_Csv_TC011</b><br>Test class: Test_Add_LLP.Test_LLP_ADD_ALLTC</td>
<td></td>
<td>26</td>
<td>Test_Add_LLP.Test_LLP_ADD_ALLTC@4baf352a</td></tr>
</table><p>
</body>
</html>