<?xml version="1.0" encoding="UTF-8"?>
<!-- Generated by org.testng.reporters.JUnitXMLReporter -->
<testsuite ignored="0" hostname="OB-Sum" failures="1" tests="16" name="Test_Add_PLC" time="480.73" errors="0" timestamp="2022-02-18T22:26:27 IST">
  <testcase classname="Test_Add_PLC.Test_Add_PLC" name="GoToUrlClickPLCClicked_AddPublicLimitedCompany_TC_2" time="32.568"/>
  <testcase classname="Test_Add_PLC.Test_Add_PLC" name="GoToUrlClickPLCClicked_AddPublicLimitedScreen_TC_1" time="26.105"/>
  <testcase classname="Test_Add_PLC.Test_Add_PLC" name="GoToUrlClickPLCClicked_CompanyHouseSearchAndPopupShowBusinessInformation_TC_5" time="33.038"/>
  <testcase classname="Test_Add_PLC.Test_Add_PLC" name="GoToUrlClickPLCClicked_CompanyHouseSearch_TC_11" time="26.82"/>
  <testcase classname="Test_Add_PLC.Test_Add_PLC" name="GoToUrlClickPLCClicked_CompanyHouseSearch_TC_3" time="31.467"/>
  <testcase classname="Test_Add_PLC.Test_Add_PLC" name="GoToUrlClickPLCClicked_CreatePayrollProfile_TC_12" time="27.304"/>
  <testcase classname="Test_Add_PLC.Test_Add_PLC" name="GoToUrlClickPLCClicked_DirectionNameIsNotProvided_TC_15" time="29.078"/>
  <testcase classname="Test_Add_PLC.Test_Add_PLC" name="GoToUrlClickPLCClicked_DirectionNameIsNotProvided_TC_16" time="35.252"/>
  <testcase classname="Test_Add_PLC.Test_Add_PLC" name="GoToUrlClickPLCClicked_EnteringWrongDate_TC_13" time="29.29"/>
  <testcase classname="Test_Add_PLC.Test_Add_PLC" name="GoToUrlClickPLCClicked_FileUploadSection_TC_4" time="33.553"/>
  <testcase classname="Test_Add_PLC.Test_Add_PLC" name="GoToUrlClickPLCClicked_New_Client_AddPublicLimitedCompany_TC_7" time="27.473"/>
  <testcase classname="Test_Add_PLC.Test_Add_PLC" name="GoToUrlClickPLCClicked_New_Client_AddPublicLimitedScreen_TC_6" time="19.252"/>
  <testcase classname="Test_Add_PLC.Test_Add_PLC" name="GoToUrlClickPLCClicked_New_Client_CompanyHouseSearchAndPopupShowBusinessInformation_TC_10" time="25.407"/>
  <testcase classname="Test_Add_PLC.Test_Add_PLC" name="GoToUrlClickPLCClicked_New_Client_CompanyHouseSearch_TC_8" time="23.112"/>
  <testcase classname="Test_Add_PLC.Test_Add_PLC" name="GoToUrlClickPLCClicked_New_Client_FileUploadSection_TC_9" time="20.572">
    <failure type="org.openqa.selenium.NoSuchElementException" message="no such element: Unable to locate element: {&amp;quot;method&amp;quot;:&amp;quot;xpath&amp;quot;,&amp;quot;selector&amp;quot;:&amp;quot;//*[@id=&amp;apos;ctl00_ctl00_ParentContent_cpHeaderRight_btnAdd&amp;apos;]&amp;quot;}
  (Session info: chrome=98.0.4758.82)
For documentation on this error, please visit: https://www.seleniumhq.org/exceptions/no_such_element.html
Build info: version: &amp;apos;3.141.59&amp;apos;, revision: &amp;apos;e82be7d358&amp;apos;, time: &amp;apos;2018-11-14T08:25:48&amp;apos;
System info: host: &amp;apos;OB-SUM&amp;apos;, ip: &amp;apos;192.168.1.14&amp;apos;, os.name: &amp;apos;Windows 10&amp;apos;, os.arch: &amp;apos;amd64&amp;apos;, os.version: &amp;apos;10.0&amp;apos;, java.version: &amp;apos;15.0.1&amp;apos;
Driver info: org.openqa.selenium.chrome.ChromeDriver
Capabilities {acceptInsecureCerts: false, browserName: chrome, browserVersion: 98.0.4758.82, chrome: {chromedriverVersion: 98.0.4758.80 (7f0488e8ba0d8..., userDataDir: C:\Users\Poonam\AppData\Loc...}, goog:chromeOptions: {debuggerAddress: localhost:51941}, javascriptEnabled: true, networkConnectionEnabled: false, pageLoadStrategy: normal, platform: WINDOWS, platformName: WINDOWS, proxy: Proxy(), setWindowRect: true, strictFileInteractability: false, timeouts: {implicit: 0, pageLoad: 300000, script: 30000}, unhandledPromptBehavior: dismiss and notify, webauthn:extension:credBlob: true, webauthn:extension:largeBlob: true, webauthn:virtualAuthenticators: true}
Session ID: 3f22779e4f49c9fad8c5290bd276077d
*** Element info: {Using=xpath, value=//*[@id=&amp;apos;ctl00_ctl00_ParentContent_cpHeaderRight_btnAdd&amp;apos;]}">
      <![CDATA[org.openqa.selenium.NoSuchElementException: no such element: Unable to locate element: {"method":"xpath","selector":"//*[@id='ctl00_ctl00_ParentContent_cpHeaderRight_btnAdd']"}
  (Session info: chrome=98.0.4758.82)
For documentation on this error, please visit: https://www.seleniumhq.org/exceptions/no_such_element.html
Build info: version: '3.141.59', revision: 'e82be7d358', time: '2018-11-14T08:25:48'
System info: host: 'OB-SUM', ip: '192.168.1.14', os.name: 'Windows 10', os.arch: 'amd64', os.version: '10.0', java.version: '15.0.1'
Driver info: org.openqa.selenium.chrome.ChromeDriver
Capabilities {acceptInsecureCerts: false, browserName: chrome, browserVersion: 98.0.4758.82, chrome: {chromedriverVersion: 98.0.4758.80 (7f0488e8ba0d8..., userDataDir: C:\Users\Poonam\AppData\Loc...}, goog:chromeOptions: {debuggerAddress: localhost:51941}, javascriptEnabled: true, networkConnectionEnabled: false, pageLoadStrategy: normal, platform: WINDOWS, platformName: WINDOWS, proxy: Proxy(), setWindowRect: true, strictFileInteractability: false, timeouts: {implicit: 0, pageLoad: 300000, script: 30000}, unhandledPromptBehavior: dismiss and notify, webauthn:extension:credBlob: true, webauthn:extension:largeBlob: true, webauthn:virtualAuthenticators: true}
Session ID: 3f22779e4f49c9fad8c5290bd276077d
*** Element info: {Using=xpath, value=//*[@id='ctl00_ctl00_ParentContent_cpHeaderRight_btnAdd']}
at jdk.internal.reflect.GeneratedConstructorAccessor68.newInstance(Unknown Source)
at java.base/jdk.internal.reflect.DelegatingConstructorAccessorImpl.newInstance(DelegatingConstructorAccessorImpl.java:45)
at java.base/java.lang.reflect.Constructor.newInstanceWithCaller(Constructor.java:500)
at java.base/java.lang.reflect.Constructor.newInstance(Constructor.java:481)
at org.openqa.selenium.remote.http.W3CHttpResponseCodec.createException(W3CHttpResponseCodec.java:187)
at org.openqa.selenium.remote.http.W3CHttpResponseCodec.decode(W3CHttpResponseCodec.java:122)
at org.openqa.selenium.remote.http.W3CHttpResponseCodec.decode(W3CHttpResponseCodec.java:49)
at org.openqa.selenium.remote.HttpCommandExecutor.execute(HttpCommandExecutor.java:158)
at org.openqa.selenium.remote.service.DriverCommandExecutor.execute(DriverCommandExecutor.java:83)
at org.openqa.selenium.remote.RemoteWebDriver.execute(RemoteWebDriver.java:552)
at org.openqa.selenium.remote.RemoteWebDriver.findElement(RemoteWebDriver.java:323)
at org.openqa.selenium.remote.RemoteWebDriver.findElementByXPath(RemoteWebDriver.java:428)
at org.openqa.selenium.By$ByXPath.findElement(By.java:353)
at org.openqa.selenium.remote.RemoteWebDriver.findElement(RemoteWebDriver.java:315)
at Pages_LLP.PLCMANNUAL.AddClient(PLCMANNUAL.java:389)
at Test_Add_PLC.Test_Add_PLC.GoToUrlClickPLCClicked_New_Client_FileUploadSection_TC_9(Test_Add_PLC.java:728)
at java.base/jdk.internal.reflect.NativeMethodAccessorImpl.invoke0(Native Method)
at java.base/jdk.internal.reflect.NativeMethodAccessorImpl.invoke(NativeMethodAccessorImpl.java:64)
at java.base/jdk.internal.reflect.DelegatingMethodAccessorImpl.invoke(DelegatingMethodAccessorImpl.java:43)
at java.base/java.lang.reflect.Method.invoke(Method.java:564)
at org.testng.internal.MethodInvocationHelper.invokeMethod(MethodInvocationHelper.java:133)
at org.testng.internal.TestInvoker.invokeMethod(TestInvoker.java:598)
at org.testng.internal.TestInvoker.invokeTestMethod(TestInvoker.java:173)
at org.testng.internal.MethodRunner.runInSequence(MethodRunner.java:46)
at org.testng.internal.TestInvoker$MethodInvocationAgent.invoke(TestInvoker.java:824)
at org.testng.internal.TestInvoker.invokeTestMethods(TestInvoker.java:146)
at org.testng.internal.TestMethodWorker.invokeTestMethods(TestMethodWorker.java:146)
at org.testng.internal.TestMethodWorker.run(TestMethodWorker.java:128)
at java.base/java.util.ArrayList.forEach(ArrayList.java:1511)
at org.testng.TestRunner.privateRun(TestRunner.java:794)
at org.testng.TestRunner.run(TestRunner.java:596)
at org.testng.SuiteRunner.runTest(SuiteRunner.java:377)
at org.testng.SuiteRunner.runSequentially(SuiteRunner.java:371)
at org.testng.SuiteRunner.privateRun(SuiteRunner.java:332)
at org.testng.SuiteRunner.run(SuiteRunner.java:276)
at org.testng.SuiteRunnerWorker.runSuite(SuiteRunnerWorker.java:53)
at org.testng.SuiteRunnerWorker.run(SuiteRunnerWorker.java:96)
at org.testng.TestNG.runSuitesSequentially(TestNG.java:1212)
at org.testng.TestNG.runSuitesLocally(TestNG.java:1134)
at org.testng.TestNG.runSuites(TestNG.java:1063)
at org.testng.TestNG.run(TestNG.java:1031)
at org.testng.remote.AbstractRemoteTestNG.run(AbstractRemoteTestNG.java:115)
at org.testng.remote.RemoteTestNG.initAndRun(RemoteTestNG.java:251)
at org.testng.remote.RemoteTestNG.main(RemoteTestNG.java:77)
]]>
    </failure>
  </testcase> <!-- GoToUrlClickPLCClicked_New_Client_FileUploadSection_TC_9 -->
  <testcase classname="Test_Add_PLC.Test_Add_PLC" name="GoToUrlClickPLCClicked_RegistrationNumberExceedThan8Char_TC_14" time="30.21"/>
</testsuite> <!-- Test_Add_PLC -->
